# JRE version: Java(TM) SE Runtime Environment (8.0_161-b12) (build 1.8.0_161-b12)
# Java VM: Java HotSpot(TM) 64-Bit Server VM (25.161-b12 mixed mode linux-amd64 compressed oops)
Heap:
 PSYoungGen      total 260608K, used 190724K [0x00000000d6f80000, 0x00000000e7480000, 0x0000000100000000)
  eden space 253952K, 73% used [0x00000000d6f80000,0x00000000e25873e8,0x00000000e6780000)
  from space 6656K, 65% used [0x00000000e6e00000,0x00000000e7239dd0,0x00000000e7480000)
  to   space 6656K, 0% used [0x00000000e6780000,0x00000000e6780000,0x00000000e6e00000)
 ParOldGen       total 84992K, used 50156K [0x0000000084e00000, 0x000000008a100000, 0x00000000d6f80000)
  object space 84992K, 59% used [0x0000000084e00000,0x0000000087efb2f0,0x000000008a100000)
 Metaspace       used 20088K, capacity 20438K, committed 20736K, reserved 1067008K
  class space    used 2462K, capacity 2555K, committed 2560K, reserved 1048576K
GC Heap History (10 events):
Event: 0.796 GC heap before
{Heap before GC invocations=2 (full 0):
 PSYoungGen      total 36864K, used 34464K [0x00000000d6f80000, 0x00000000db780000, 0x0000000100000000)
  eden space 31744K, 95% used [0x00000000d6f80000,0x00000000d8d2bb40,0x00000000d8e80000)
  from space 5120K, 79% used [0x00000000d8e80000,0x00000000d927c5d0,0x00000000d9380000)
  to   space 5120K, 0% used [0x00000000db280000,0x00000000db280000,0x00000000db780000)
 ParOldGen       total 84992K, used 24316K [0x0000000084e00000, 0x000000008a100000, 0x00000000d6f80000)
  object space 84992K, 28% used [0x0000000084e00000,0x00000000865bf030,0x000000008a100000)
 Metaspace       used 13122K, capacity 13342K, committed 13568K, reserved 1060864K
  class space    used 1626K, capacity 1700K, committed 1792K, reserved 1048576K
Event: 0.820 GC heap after
Heap after GC invocations=2 (full 0):
 PSYoungGen      total 68608K, used 2946K [0x00000000d6f80000, 0x00000000db780000, 0x0000000100000000)
  eden space 63488K, 0% used [0x00000000d6f80000,0x00000000d6f80000,0x00000000dad80000)
  from space 5120K, 57% used [0x00000000db280000,0x00000000db560b50,0x00000000db780000)
  to   space 5120K, 0% used [0x00000000dad80000,0x00000000dad80000,0x00000000db280000)
 ParOldGen       total 84992K, used 48624K [0x0000000084e00000, 0x000000008a100000, 0x00000000d6f80000)
  object space 84992K, 57% used [0x0000000084e00000,0x0000000087d7c060,0x000000008a100000)
 Metaspace       used 13122K, capacity 13342K, committed 13568K, reserved 1060864K
  class space    used 1626K, capacity 1700K, committed 1792K, reserved 1048576K
}
Event: 1433.607 GC heap before
{Heap before GC invocations=3 (full 0):
 PSYoungGen      total 68608K, used 66434K [0x00000000d6f80000, 0x00000000db780000, 0x0000000100000000)
  eden space 63488K, 100% used [0x00000000d6f80000,0x00000000dad80000,0x00000000dad80000)
  from space 5120K, 57% used [0x00000000db280000,0x00000000db560b50,0x00000000db780000)
  to   space 5120K, 0% used [0x00000000dad80000,0x00000000dad80000,0x00000000db280000)
 ParOldGen       total 84992K, used 48624K [0x0000000084e00000, 0x000000008a100000, 0x00000000d6f80000)
  object space 84992K, 57% used [0x0000000084e00000,0x0000000087d7c060,0x000000008a100000)
 Metaspace       used 20075K, capacity 20374K, committed 20480K, reserved 1067008K
  class space    used 2462K, capacity 2555K, committed 2560K, reserved 1048576K
Event: 1433.616 GC heap after
Heap after GC invocations=3 (full 0):
 PSYoungGen      total 68608K, used 5114K [0x00000000d6f80000, 0x00000000df580000, 0x0000000100000000)
  eden space 63488K, 0% used [0x00000000d6f80000,0x00000000d6f80000,0x00000000dad80000)
  from space 5120K, 99% used [0x00000000dad80000,0x00000000db27e9c8,0x00000000db280000)
  to   space 5120K, 0% used [0x00000000df080000,0x00000000df080000,0x00000000df580000)
 ParOldGen       total 84992K, used 50132K [0x0000000084e00000, 0x000000008a100000, 0x00000000d6f80000)
  object space 84992K, 58% used [0x0000000084e00000,0x0000000087ef52f0,0x000000008a100000)
 Metaspace       used 20075K, capacity 20374K, committed 20480K, reserved 1067008K
  class space    used 2462K, capacity 2555K, committed 2560K, reserved 1048576K
}
Event: 9195.855 GC heap before
{Heap before GC invocations=4 (full 0):
 PSYoungGen      total 68608K, used 68602K [0x00000000d6f80000, 0x00000000df580000, 0x0000000100000000)
  eden space 63488K, 100% used [0x00000000d6f80000,0x00000000dad80000,0x00000000dad80000)
  from space 5120K, 99% used [0x00000000dad80000,0x00000000db27e9c8,0x00000000db280000)
  to   space 5120K, 0% used [0x00000000df080000,0x00000000df080000,0x00000000df580000)
 ParOldGen       total 84992K, used 50132K [0x0000000084e00000, 0x000000008a100000, 0x00000000d6f80000)
  object space 84992K, 58% used [0x0000000084e00000,0x0000000087ef52f0,0x000000008a100000)
 Metaspace       used 20083K, capacity 20374K, committed 20480K, reserved 1067008K
  class space    used 2462K, capacity 2555K, committed 2560K, reserved 1048576K
Event: 9195.868 GC heap after
Heap after GC invocations=4 (full 0):
 PSYoungGen      total 132096K, used 5049K [0x00000000d6f80000, 0x00000000df580000, 0x0000000100000000)
  eden space 126976K, 0% used [0x00000000d6f80000,0x00000000d6f80000,0x00000000deb80000)
  from space 5120K, 98% used [0x00000000df080000,0x00000000df56e5d0,0x00000000df580000)
  to   space 5120K, 0% used [0x00000000deb80000,0x00000000deb80000,0x00000000df080000)
 ParOldGen       total 84992K, used 50140K [0x0000000084e00000, 0x000000008a100000, 0x00000000d6f80000)
  object space 84992K, 58% used [0x0000000084e00000,0x0000000087ef72f0,0x000000008a100000)
 Metaspace       used 20083K, capacity 20374K, committed 20480K, reserved 1067008K
  class space    used 2462K, capacity 2555K, committed 2560K, reserved 1048576K
}
Event: 25282.218 GC heap before
{Heap before GC invocations=5 (full 0):
 PSYoungGen      total 132096K, used 132025K [0x00000000d6f80000, 0x00000000df580000, 0x0000000100000000)
  eden space 126976K, 100% used [0x00000000d6f80000,0x00000000deb80000,0x00000000deb80000)
  from space 5120K, 98% used [0x00000000df080000,0x00000000df56e5d0,0x00000000df580000)
  to   space 5120K, 0% used [0x00000000deb80000,0x00000000deb80000,0x00000000df080000)
 ParOldGen       total 84992K, used 50140K [0x0000000084e00000, 0x000000008a100000, 0x00000000d6f80000)
  object space 84992K, 58% used [0x0000000084e00000,0x0000000087ef72f0,0x000000008a100000)
 Metaspace       used 20087K, capacity 20438K, committed 20736K, reserved 1067008K
  class space    used 2462K, capacity 2555K, committed 2560K, reserved 1048576K
Event: 25286.288 GC heap after
Heap after GC invocations=5 (full 0):
 PSYoungGen      total 132096K, used 4410K [0x00000000d6f80000, 0x00000000e7480000, 0x0000000100000000)
  eden space 126976K, 0% used [0x00000000d6f80000,0x00000000d6f80000,0x00000000deb80000)
  from space 5120K, 86% used [0x00000000deb80000,0x00000000defce9e8,0x00000000df080000)
  to   space 6656K, 0% used [0x00000000e6e00000,0x00000000e6e00000,0x00000000e7480000)
 ParOldGen       total 84992K, used 50148K [0x0000000084e00000, 0x000000008a100000, 0x00000000d6f80000)
  object space 84992K, 59% used [0x0000000084e00000,0x0000000087ef92f0,0x000000008a100000)
 Metaspace       used 20087K, capacity 20438K, committed 20736K, reserved 1067008K
  class space    used 2462K, capacity 2555K, committed 2560K, reserved 1048576K
}
Event: 41295.523 GC heap before
{Heap before GC invocations=6 (full 0):
 PSYoungGen      total 132096K, used 131386K [0x00000000d6f80000, 0x00000000e7480000, 0x0000000100000000)
  eden space 126976K, 100% used [0x00000000d6f80000,0x00000000deb80000,0x00000000deb80000)
  from space 5120K, 86% used [0x00000000deb80000,0x00000000defce9e8,0x00000000df080000)
  to   space 6656K, 0% used [0x00000000e6e00000,0x00000000e6e00000,0x00000000e7480000)
 ParOldGen       total 84992K, used 50148K [0x0000000084e00000, 0x000000008a100000, 0x00000000d6f80000)
  object space 84992K, 59% used [0x0000000084e00000,0x0000000087ef92f0,0x000000008a100000)
 Metaspace       used 20088K, capacity 20438K, committed 20736K, reserved 1067008K
  class space    used 2462K, capacity 2555K, committed 2560K, reserved 1048576K
Event: 41295.560 GC heap after
Heap after GC invocations=6 (full 0):
 PSYoungGen      total 260608K, used 4327K [0x00000000d6f80000, 0x00000000e7480000, 0x0000000100000000)
  eden space 253952K, 0% used [0x00000000d6f80000,0x00000000d6f80000,0x00000000e6780000)
  from space 6656K, 65% used [0x00000000e6e00000,0x00000000e7239dd0,0x00000000e7480000)
  to   space 6656K, 0% used [0x00000000e6780000,0x00000000e6780000,0x00000000e6e00000)
 ParOldGen       total 84992K, used 50156K [0x0000000084e00000, 0x000000008a100000, 0x00000000d6f80000)
  object space 84992K, 59% used [0x0000000084e00000,0x0000000087efb2f0,0x000000008a100000)
 Metaspace       used 20088K, capacity 20438K, committed 20736K, reserved 1067008K
  class space    used 2462K, capacity 2555K, committed 2560K, reserved 1048576K
}

