# JRE version: Java(TM) SE Runtime Environment (8.0_161-b12) (build 1.8.0_161-b12)
# Java VM: Java HotSpot(TM) 64-Bit Server VM (25.161-b12 mixed mode linux-amd64 compressed oops)
Heap:
 PSYoungGen      total 260608K, used 198320K [0x00000000d6f80000, 0x00000000e7480000, 0x0000000100000000)
  eden space 253952K, 76% used [0x00000000d6f80000,0x00000000e2d090f8,0x00000000e6780000)
  from space 6656K, 63% used [0x00000000e6e00000,0x00000000e72231e8,0x00000000e7480000)
  to   space 6656K, 0% used [0x00000000e6780000,0x00000000e6780000,0x00000000e6e00000)
 ParOldGen       total 84992K, used 34074K [0x0000000084e00000, 0x000000008a100000, 0x00000000d6f80000)
  object space 84992K, 40% used [0x0000000084e00000,0x0000000086f46800,0x000000008a100000)
 Metaspace       used 20087K, capacity 20366K, committed 20480K, reserved 1067008K
  class space    used 2463K, capacity 2555K, committed 2560K, reserved 1048576K
GC Heap History (10 events):
Event: 0.840 GC heap before
{Heap before GC invocations=2 (full 0):
 PSYoungGen      total 36864K, used 34483K [0x00000000d6f80000, 0x00000000db780000, 0x0000000100000000)
  eden space 31744K, 95% used [0x00000000d6f80000,0x00000000d8d2b980,0x00000000d8e80000)
  from space 5120K, 80% used [0x00000000d8e80000,0x00000000d9281448,0x00000000d9380000)
  to   space 5120K, 0% used [0x00000000db280000,0x00000000db280000,0x00000000db780000)
 ParOldGen       total 84992K, used 8108K [0x0000000084e00000, 0x000000008a100000, 0x00000000d6f80000)
  object space 84992K, 9% used [0x0000000084e00000,0x00000000855eb010,0x000000008a100000)
 Metaspace       used 13121K, capacity 13334K, committed 13568K, reserved 1060864K
  class space    used 1626K, capacity 1700K, committed 1792K, reserved 1048576K
Event: 0.852 GC heap after
Heap after GC invocations=2 (full 0):
 PSYoungGen      total 68608K, used 2962K [0x00000000d6f80000, 0x00000000db780000, 0x0000000100000000)
  eden space 63488K, 0% used [0x00000000d6f80000,0x00000000d6f80000,0x00000000dad80000)
  from space 5120K, 57% used [0x00000000db280000,0x00000000db564b60,0x00000000db780000)
  to   space 5120K, 0% used [0x00000000dad80000,0x00000000dad80000,0x00000000db280000)
 ParOldGen       total 84992K, used 32416K [0x0000000084e00000, 0x000000008a100000, 0x00000000d6f80000)
  object space 84992K, 38% used [0x0000000084e00000,0x0000000086da8040,0x000000008a100000)
 Metaspace       used 13121K, capacity 13334K, committed 13568K, reserved 1060864K
  class space    used 1626K, capacity 1700K, committed 1792K, reserved 1048576K
}
Event: 1632.644 GC heap before
{Heap before GC invocations=3 (full 0):
 PSYoungGen      total 68608K, used 66450K [0x00000000d6f80000, 0x00000000db780000, 0x0000000100000000)
  eden space 63488K, 100% used [0x00000000d6f80000,0x00000000dad80000,0x00000000dad80000)
  from space 5120K, 57% used [0x00000000db280000,0x00000000db564b60,0x00000000db780000)
  to   space 5120K, 0% used [0x00000000dad80000,0x00000000dad80000,0x00000000db280000)
 ParOldGen       total 84992K, used 32416K [0x0000000084e00000, 0x000000008a100000, 0x00000000d6f80000)
  object space 84992K, 38% used [0x0000000084e00000,0x0000000086da8040,0x000000008a100000)
 Metaspace       used 20023K, capacity 20302K, committed 20480K, reserved 1067008K
  class space    used 2460K, capacity 2555K, committed 2560K, reserved 1048576K
Event: 1632.666 GC heap after
Heap after GC invocations=3 (full 0):
 PSYoungGen      total 68608K, used 5111K [0x00000000d6f80000, 0x00000000df580000, 0x0000000100000000)
  eden space 63488K, 0% used [0x00000000d6f80000,0x00000000d6f80000,0x00000000dad80000)
  from space 5120K, 99% used [0x00000000dad80000,0x00000000db27ddc0,0x00000000db280000)
  to   space 5120K, 0% used [0x00000000df080000,0x00000000df080000,0x00000000df580000)
 ParOldGen       total 84992K, used 34050K [0x0000000084e00000, 0x000000008a100000, 0x00000000d6f80000)
  object space 84992K, 40% used [0x0000000084e00000,0x0000000086f40800,0x000000008a100000)
 Metaspace       used 20023K, capacity 20302K, committed 20480K, reserved 1067008K
  class space    used 2460K, capacity 2555K, committed 2560K, reserved 1048576K
}
Event: 9419.394 GC heap before
{Heap before GC invocations=4 (full 0):
 PSYoungGen      total 68608K, used 68599K [0x00000000d6f80000, 0x00000000df580000, 0x0000000100000000)
  eden space 63488K, 100% used [0x00000000d6f80000,0x00000000dad80000,0x00000000dad80000)
  from space 5120K, 99% used [0x00000000dad80000,0x00000000db27ddc0,0x00000000db280000)
  to   space 5120K, 0% used [0x00000000df080000,0x00000000df080000,0x00000000df580000)
 ParOldGen       total 84992K, used 34050K [0x0000000084e00000, 0x000000008a100000, 0x00000000d6f80000)
  object space 84992K, 40% used [0x0000000084e00000,0x0000000086f40800,0x000000008a100000)
 Metaspace       used 20082K, capacity 20366K, committed 20480K, reserved 1067008K
  class space    used 2463K, capacity 2555K, committed 2560K, reserved 1048576K
Event: 9419.411 GC heap after
Heap after GC invocations=4 (full 0):
 PSYoungGen      total 132096K, used 4972K [0x00000000d6f80000, 0x00000000df580000, 0x0000000100000000)
  eden space 126976K, 0% used [0x00000000d6f80000,0x00000000d6f80000,0x00000000deb80000)
  from space 5120K, 97% used [0x00000000df080000,0x00000000df55b208,0x00000000df580000)
  to   space 5120K, 0% used [0x00000000deb80000,0x00000000deb80000,0x00000000df080000)
 ParOldGen       total 84992K, used 34058K [0x0000000084e00000, 0x000000008a100000, 0x00000000d6f80000)
  object space 84992K, 40% used [0x0000000084e00000,0x0000000086f42800,0x000000008a100000)
 Metaspace       used 20082K, capacity 20366K, committed 20480K, reserved 1067008K
  class space    used 2463K, capacity 2555K, committed 2560K, reserved 1048576K
}
Event: 25507.088 GC heap before
{Heap before GC invocations=5 (full 0):
 PSYoungGen      total 132096K, used 131948K [0x00000000d6f80000, 0x00000000df580000, 0x0000000100000000)
  eden space 126976K, 100% used [0x00000000d6f80000,0x00000000deb80000,0x00000000deb80000)
  from space 5120K, 97% used [0x00000000df080000,0x00000000df55b208,0x00000000df580000)
  to   space 5120K, 0% used [0x00000000deb80000,0x00000000deb80000,0x00000000df080000)
 ParOldGen       total 84992K, used 34058K [0x0000000084e00000, 0x000000008a100000, 0x00000000d6f80000)
  object space 84992K, 40% used [0x0000000084e00000,0x0000000086f42800,0x000000008a100000)
 Metaspace       used 20086K, capacity 20366K, committed 20480K, reserved 1067008K
  class space    used 2463K, capacity 2555K, committed 2560K, reserved 1048576K
Event: 25511.242 GC heap after
Heap after GC invocations=5 (full 0):
 PSYoungGen      total 132096K, used 4300K [0x00000000d6f80000, 0x00000000e7480000, 0x0000000100000000)
  eden space 126976K, 0% used [0x00000000d6f80000,0x00000000d6f80000,0x00000000deb80000)
  from space 5120K, 83% used [0x00000000deb80000,0x00000000defb31e8,0x00000000df080000)
  to   space 6656K, 0% used [0x00000000e6e00000,0x00000000e6e00000,0x00000000e7480000)
 ParOldGen       total 84992K, used 34066K [0x0000000084e00000, 0x000000008a100000, 0x00000000d6f80000)
  object space 84992K, 40% used [0x0000000084e00000,0x0000000086f44800,0x000000008a100000)
 Metaspace       used 20086K, capacity 20366K, committed 20480K, reserved 1067008K
  class space    used 2463K, capacity 2555K, committed 2560K, reserved 1048576K
}
Event: 41296.478 GC heap before
{Heap before GC invocations=6 (full 0):
 PSYoungGen      total 132096K, used 131276K [0x00000000d6f80000, 0x00000000e7480000, 0x0000000100000000)
  eden space 126976K, 100% used [0x00000000d6f80000,0x00000000deb80000,0x00000000deb80000)
  from space 5120K, 83% used [0x00000000deb80000,0x00000000defb31e8,0x00000000df080000)
  to   space 6656K, 0% used [0x00000000e6e00000,0x00000000e6e00000,0x00000000e7480000)
 ParOldGen       total 84992K, used 34066K [0x0000000084e00000, 0x000000008a100000, 0x00000000d6f80000)
  object space 84992K, 40% used [0x0000000084e00000,0x0000000086f44800,0x000000008a100000)
 Metaspace       used 20087K, capacity 20366K, committed 20480K, reserved 1067008K
  class space    used 2463K, capacity 2555K, committed 2560K, reserved 1048576K
Event: 41296.668 GC heap after
Heap after GC invocations=6 (full 0):
 PSYoungGen      total 260608K, used 4236K [0x00000000d6f80000, 0x00000000e7480000, 0x0000000100000000)
  eden space 253952K, 0% used [0x00000000d6f80000,0x00000000d6f80000,0x00000000e6780000)
  from space 6656K, 63% used [0x00000000e6e00000,0x00000000e72231e8,0x00000000e7480000)
  to   space 6656K, 0% used [0x00000000e6780000,0x00000000e6780000,0x00000000e6e00000)
 ParOldGen       total 84992K, used 34074K [0x0000000084e00000, 0x000000008a100000, 0x00000000d6f80000)
  object space 84992K, 40% used [0x0000000084e00000,0x0000000086f46800,0x000000008a100000)
 Metaspace       used 20087K, capacity 20366K, committed 20480K, reserved 1067008K
  class space    used 2463K, capacity 2555K, committed 2560K, reserved 1048576K
}

