# JRE version: Java(TM) SE Runtime Environment (8.0_161-b12) (build 1.8.0_161-b12)
# Java VM: Java HotSpot(TM) 64-Bit Server VM (25.161-b12 mixed mode linux-amd64 compressed oops)
Heap:
 PSYoungGen      total 260096K, used 217552K [0x00000000d6f80000, 0x00000000e7480000, 0x0000000100000000)
  eden space 253952K, 84% used [0x00000000d6f80000,0x00000000e4001800,0x00000000e6780000)
  from space 6144K, 65% used [0x00000000e6e80000,0x00000000e72729d8,0x00000000e7480000)
  to   space 6656K, 0% used [0x00000000e6780000,0x00000000e6780000,0x00000000e6e00000)
 ParOldGen       total 84992K, used 50534K [0x0000000084e00000, 0x000000008a100000, 0x00000000d6f80000)
  object space 84992K, 59% used [0x0000000084e00000,0x0000000087f59830,0x000000008a100000)
 Metaspace       used 20277K, capacity 20562K, committed 20736K, reserved 1067008K
  class space    used 2466K, capacity 2555K, committed 2560K, reserved 1048576K
GC Heap History (10 events):
Event: 0.895 GC heap before
{Heap before GC invocations=2 (full 0):
 PSYoungGen      total 36864K, used 34451K [0x00000000d6f80000, 0x00000000db780000, 0x0000000100000000)
  eden space 31744K, 95% used [0x00000000d6f80000,0x00000000d8d2ba58,0x00000000d8e80000)
  from space 5120K, 79% used [0x00000000d8e80000,0x00000000d9279428,0x00000000d9380000)
  to   space 5120K, 0% used [0x00000000db280000,0x00000000db280000,0x00000000db780000)
 ParOldGen       total 84992K, used 24316K [0x0000000084e00000, 0x000000008a100000, 0x00000000d6f80000)
  object space 84992K, 28% used [0x0000000084e00000,0x00000000865bf030,0x000000008a100000)
 Metaspace       used 13107K, capacity 13338K, committed 13568K, reserved 1060864K
  class space    used 1626K, capacity 1700K, committed 1792K, reserved 1048576K
Event: 0.906 GC heap after
Heap after GC invocations=2 (full 0):
 PSYoungGen      total 68608K, used 2998K [0x00000000d6f80000, 0x00000000db780000, 0x0000000100000000)
  eden space 63488K, 0% used [0x00000000d6f80000,0x00000000d6f80000,0x00000000dad80000)
  from space 5120K, 58% used [0x00000000db280000,0x00000000db56d9c8,0x00000000db780000)
  to   space 5120K, 0% used [0x00000000dad80000,0x00000000dad80000,0x00000000db280000)
 ParOldGen       total 84992K, used 48624K [0x0000000084e00000, 0x000000008a100000, 0x00000000d6f80000)
  object space 84992K, 57% used [0x0000000084e00000,0x0000000087d7c060,0x000000008a100000)
 Metaspace       used 13107K, capacity 13338K, committed 13568K, reserved 1060864K
  class space    used 1626K, capacity 1700K, committed 1792K, reserved 1048576K
}
Event: 17.528 GC heap before
{Heap before GC invocations=3 (full 0):
 PSYoungGen      total 68608K, used 66471K [0x00000000d6f80000, 0x00000000db780000, 0x0000000100000000)
  eden space 63488K, 99% used [0x00000000d6f80000,0x00000000dad7c540,0x00000000dad80000)
  from space 5120K, 58% used [0x00000000db280000,0x00000000db56d9c8,0x00000000db780000)
  to   space 5120K, 0% used [0x00000000dad80000,0x00000000dad80000,0x00000000db280000)
 ParOldGen       total 84992K, used 48624K [0x0000000084e00000, 0x000000008a100000, 0x00000000d6f80000)
  object space 84992K, 57% used [0x0000000084e00000,0x0000000087d7c060,0x000000008a100000)
 Metaspace       used 20138K, capacity 20434K, committed 20480K, reserved 1067008K
  class space    used 2461K, capacity 2555K, committed 2560K, reserved 1048576K
Event: 17.539 GC heap after
Heap after GC invocations=3 (full 0):
 PSYoungGen      total 68608K, used 5097K [0x00000000d6f80000, 0x00000000df580000, 0x0000000100000000)
  eden space 63488K, 0% used [0x00000000d6f80000,0x00000000d6f80000,0x00000000dad80000)
  from space 5120K, 99% used [0x00000000dad80000,0x00000000db27a5e0,0x00000000db280000)
  to   space 5120K, 0% used [0x00000000df080000,0x00000000df080000,0x00000000df580000)
 ParOldGen       total 84992K, used 50510K [0x0000000084e00000, 0x000000008a100000, 0x00000000d6f80000)
  object space 84992K, 59% used [0x0000000084e00000,0x0000000087f53830,0x000000008a100000)
 Metaspace       used 20138K, capacity 20434K, committed 20480K, reserved 1067008K
  class space    used 2461K, capacity 2555K, committed 2560K, reserved 1048576K
}
Event: 6952.018 GC heap before
{Heap before GC invocations=4 (full 0):
 PSYoungGen      total 68608K, used 68585K [0x00000000d6f80000, 0x00000000df580000, 0x0000000100000000)
  eden space 63488K, 100% used [0x00000000d6f80000,0x00000000dad80000,0x00000000dad80000)
  from space 5120K, 99% used [0x00000000dad80000,0x00000000db27a5e0,0x00000000db280000)
  to   space 5120K, 0% used [0x00000000df080000,0x00000000df080000,0x00000000df580000)
 ParOldGen       total 84992K, used 50510K [0x0000000084e00000, 0x000000008a100000, 0x00000000d6f80000)
  object space 84992K, 59% used [0x0000000084e00000,0x0000000087f53830,0x000000008a100000)
 Metaspace       used 20272K, capacity 20562K, committed 20736K, reserved 1067008K
  class space    used 2466K, capacity 2555K, committed 2560K, reserved 1048576K
Event: 6952.024 GC heap after
Heap after GC invocations=4 (full 0):
 PSYoungGen      total 132096K, used 4990K [0x00000000d6f80000, 0x00000000df580000, 0x0000000100000000)
  eden space 126976K, 0% used [0x00000000d6f80000,0x00000000d6f80000,0x00000000deb80000)
  from space 5120K, 97% used [0x00000000df080000,0x00000000df55fa28,0x00000000df580000)
  to   space 5120K, 0% used [0x00000000deb80000,0x00000000deb80000,0x00000000df080000)
 ParOldGen       total 84992K, used 50518K [0x0000000084e00000, 0x000000008a100000, 0x00000000d6f80000)
  object space 84992K, 59% used [0x0000000084e00000,0x0000000087f55830,0x000000008a100000)
 Metaspace       used 20272K, capacity 20562K, committed 20736K, reserved 1067008K
  class space    used 2466K, capacity 2555K, committed 2560K, reserved 1048576K
}
Event: 22937.774 GC heap before
{Heap before GC invocations=5 (full 0):
 PSYoungGen      total 132096K, used 131966K [0x00000000d6f80000, 0x00000000df580000, 0x0000000100000000)
  eden space 126976K, 100% used [0x00000000d6f80000,0x00000000deb80000,0x00000000deb80000)
  from space 5120K, 97% used [0x00000000df080000,0x00000000df55fa28,0x00000000df580000)
  to   space 5120K, 0% used [0x00000000deb80000,0x00000000deb80000,0x00000000df080000)
 ParOldGen       total 84992K, used 50518K [0x0000000084e00000, 0x000000008a100000, 0x00000000d6f80000)
  object space 84992K, 59% used [0x0000000084e00000,0x0000000087f55830,0x000000008a100000)
 Metaspace       used 20276K, capacity 20562K, committed 20736K, reserved 1067008K
  class space    used 2466K, capacity 2555K, committed 2560K, reserved 1048576K
Event: 22943.402 GC heap after
Heap after GC invocations=5 (full 0):
 PSYoungGen      total 132096K, used 4140K [0x00000000d6f80000, 0x00000000e7580000, 0x0000000100000000)
  eden space 126976K, 0% used [0x00000000d6f80000,0x00000000d6f80000,0x00000000deb80000)
  from space 5120K, 80% used [0x00000000deb80000,0x00000000def8b1e8,0x00000000df080000)
  to   space 7168K, 0% used [0x00000000e6e80000,0x00000000e6e80000,0x00000000e7580000)
 ParOldGen       total 84992K, used 50526K [0x0000000084e00000, 0x000000008a100000, 0x00000000d6f80000)
  object space 84992K, 59% used [0x0000000084e00000,0x0000000087f57830,0x000000008a100000)
 Metaspace       used 20276K, capacity 20562K, committed 20736K, reserved 1067008K
  class space    used 2466K, capacity 2555K, committed 2560K, reserved 1048576K
}
Event: 38825.727 GC heap before
{Heap before GC invocations=6 (full 0):
 PSYoungGen      total 132096K, used 131116K [0x00000000d6f80000, 0x00000000e7580000, 0x0000000100000000)
  eden space 126976K, 100% used [0x00000000d6f80000,0x00000000deb80000,0x00000000deb80000)
  from space 5120K, 80% used [0x00000000deb80000,0x00000000def8b1e8,0x00000000df080000)
  to   space 7168K, 0% used [0x00000000e6e80000,0x00000000e6e80000,0x00000000e7580000)
 ParOldGen       total 84992K, used 50526K [0x0000000084e00000, 0x000000008a100000, 0x00000000d6f80000)
  object space 84992K, 59% used [0x0000000084e00000,0x0000000087f57830,0x000000008a100000)
 Metaspace       used 20277K, capacity 20562K, committed 20736K, reserved 1067008K
  class space    used 2466K, capacity 2555K, committed 2560K, reserved 1048576K
Event: 38825.767 GC heap after
Heap after GC invocations=6 (full 0):
 PSYoungGen      total 260096K, used 4042K [0x00000000d6f80000, 0x00000000e7480000, 0x0000000100000000)
  eden space 253952K, 0% used [0x00000000d6f80000,0x00000000d6f80000,0x00000000e6780000)
  from space 6144K, 65% used [0x00000000e6e80000,0x00000000e72729d8,0x00000000e7480000)
  to   space 6656K, 0% used [0x00000000e6780000,0x00000000e6780000,0x00000000e6e00000)
 ParOldGen       total 84992K, used 50534K [0x0000000084e00000, 0x000000008a100000, 0x00000000d6f80000)
  object space 84992K, 59% used [0x0000000084e00000,0x0000000087f59830,0x000000008a100000)
 Metaspace       used 20277K, capacity 20562K, committed 20736K, reserved 1067008K
  class space    used 2466K, capacity 2555K, committed 2560K, reserved 1048576K
}

