# JRE version: Java(TM) SE Runtime Environment (8.0_161-b12) (build 1.8.0_161-b12)
# Java VM: Java HotSpot(TM) 64-Bit Server VM (25.161-b12 mixed mode linux-amd64 compressed oops)
Heap:
 PSYoungGen      total 260096K, used 257689K [0x00000000d6f80000, 0x00000000e7480000, 0x0000000100000000)
  eden space 253952K, 99% used [0x00000000d6f80000,0x00000000e6724208,0x00000000e6780000)
  from space 6144K, 66% used [0x00000000e6e80000,0x00000000e72825e0,0x00000000e7480000)
  to   space 6656K, 0% used [0x00000000e6780000,0x00000000e6780000,0x00000000e6e00000)
 ParOldGen       total 84992K, used 34350K [0x0000000084e00000, 0x000000008a100000, 0x00000000d6f80000)
  object space 84992K, 40% used [0x0000000084e00000,0x0000000086f8b820,0x000000008a100000)
 Metaspace       used 20429K, capacity 20686K, committed 20992K, reserved 1067008K
  class space    used 2468K, capacity 2555K, committed 2560K, reserved 1048576K
GC Heap History (10 events):
Event: 0.799 GC heap before
{Heap before GC invocations=2 (full 0):
 PSYoungGen      total 36864K, used 34401K [0x00000000d6f80000, 0x00000000db780000, 0x0000000100000000)
  eden space 31744K, 95% used [0x00000000d6f80000,0x00000000d8d2bfb0,0x00000000d8e80000)
  from space 5120K, 78% used [0x00000000d8e80000,0x00000000d926c7a0,0x00000000d9380000)
  to   space 5120K, 0% used [0x00000000db280000,0x00000000db280000,0x00000000db780000)
 ParOldGen       total 84992K, used 24316K [0x0000000084e00000, 0x000000008a100000, 0x00000000d6f80000)
  object space 84992K, 28% used [0x0000000084e00000,0x00000000865bf030,0x000000008a100000)
 Metaspace       used 13123K, capacity 13334K, committed 13568K, reserved 1060864K
  class space    used 1626K, capacity 1700K, committed 1792K, reserved 1048576K
Event: 0.807 GC heap after
Heap after GC invocations=2 (full 0):
 PSYoungGen      total 68608K, used 2962K [0x00000000d6f80000, 0x00000000db780000, 0x0000000100000000)
  eden space 63488K, 0% used [0x00000000d6f80000,0x00000000d6f80000,0x00000000dad80000)
  from space 5120K, 57% used [0x00000000db280000,0x00000000db564b60,0x00000000db780000)
  to   space 5120K, 0% used [0x00000000dad80000,0x00000000dad80000,0x00000000db280000)
 ParOldGen       total 84992K, used 32424K [0x0000000084e00000, 0x000000008a100000, 0x00000000d6f80000)
  object space 84992K, 38% used [0x0000000084e00000,0x0000000086daa040,0x000000008a100000)
 Metaspace       used 13123K, capacity 13334K, committed 13568K, reserved 1060864K
  class space    used 1626K, capacity 1700K, committed 1792K, reserved 1048576K
}
Event: 33.574 GC heap before
{Heap before GC invocations=3 (full 0):
 PSYoungGen      total 68608K, used 66450K [0x00000000d6f80000, 0x00000000db780000, 0x0000000100000000)
  eden space 63488K, 100% used [0x00000000d6f80000,0x00000000dad80000,0x00000000dad80000)
  from space 5120K, 57% used [0x00000000db280000,0x00000000db564b60,0x00000000db780000)
  to   space 5120K, 0% used [0x00000000dad80000,0x00000000dad80000,0x00000000db280000)
 ParOldGen       total 84992K, used 32424K [0x0000000084e00000, 0x000000008a100000, 0x00000000d6f80000)
  object space 84992K, 38% used [0x0000000084e00000,0x0000000086daa040,0x000000008a100000)
 Metaspace       used 20296K, capacity 20622K, committed 20736K, reserved 1067008K
  class space    used 2463K, capacity 2555K, committed 2560K, reserved 1048576K
Event: 33.581 GC heap after
Heap after GC invocations=3 (full 0):
 PSYoungGen      total 68608K, used 5095K [0x00000000d6f80000, 0x00000000df580000, 0x0000000100000000)
  eden space 63488K, 0% used [0x00000000d6f80000,0x00000000d6f80000,0x00000000dad80000)
  from space 5120K, 99% used [0x00000000dad80000,0x00000000db279db0,0x00000000db280000)
  to   space 5120K, 0% used [0x00000000df080000,0x00000000df080000,0x00000000df580000)
 ParOldGen       total 84992K, used 34326K [0x0000000084e00000, 0x000000008a100000, 0x00000000d6f80000)
  object space 84992K, 40% used [0x0000000084e00000,0x0000000086f85820,0x000000008a100000)
 Metaspace       used 20296K, capacity 20622K, committed 20736K, reserved 1067008K
  class space    used 2463K, capacity 2555K, committed 2560K, reserved 1048576K
}
Event: 6208.977 GC heap before
{Heap before GC invocations=4 (full 0):
 PSYoungGen      total 68608K, used 68583K [0x00000000d6f80000, 0x00000000df580000, 0x0000000100000000)
  eden space 63488K, 100% used [0x00000000d6f80000,0x00000000dad80000,0x00000000dad80000)
  from space 5120K, 99% used [0x00000000dad80000,0x00000000db279db0,0x00000000db280000)
  to   space 5120K, 0% used [0x00000000df080000,0x00000000df080000,0x00000000df580000)
 ParOldGen       total 84992K, used 34326K [0x0000000084e00000, 0x000000008a100000, 0x00000000d6f80000)
  object space 84992K, 40% used [0x0000000084e00000,0x0000000086f85820,0x000000008a100000)
 Metaspace       used 20420K, capacity 20686K, committed 20992K, reserved 1067008K
  class space    used 2468K, capacity 2555K, committed 2560K, reserved 1048576K
Event: 6208.990 GC heap after
Heap after GC invocations=4 (full 0):
 PSYoungGen      total 132096K, used 5025K [0x00000000d6f80000, 0x00000000df580000, 0x0000000100000000)
  eden space 126976K, 0% used [0x00000000d6f80000,0x00000000d6f80000,0x00000000deb80000)
  from space 5120K, 98% used [0x00000000df080000,0x00000000df5685f0,0x00000000df580000)
  to   space 5120K, 0% used [0x00000000deb80000,0x00000000deb80000,0x00000000df080000)
 ParOldGen       total 84992K, used 34334K [0x0000000084e00000, 0x000000008a100000, 0x00000000d6f80000)
  object space 84992K, 40% used [0x0000000084e00000,0x0000000086f87820,0x000000008a100000)
 Metaspace       used 20420K, capacity 20686K, committed 20992K, reserved 1067008K
  class space    used 2468K, capacity 2555K, committed 2560K, reserved 1048576K
}
Event: 20501.423 GC heap before
{Heap before GC invocations=5 (full 0):
 PSYoungGen      total 132096K, used 132001K [0x00000000d6f80000, 0x00000000df580000, 0x0000000100000000)
  eden space 126976K, 100% used [0x00000000d6f80000,0x00000000deb80000,0x00000000deb80000)
  from space 5120K, 98% used [0x00000000df080000,0x00000000df5685f0,0x00000000df580000)
  to   space 5120K, 0% used [0x00000000deb80000,0x00000000deb80000,0x00000000df080000)
 ParOldGen       total 84992K, used 34334K [0x0000000084e00000, 0x000000008a100000, 0x00000000d6f80000)
  object space 84992K, 40% used [0x0000000084e00000,0x0000000086f87820,0x000000008a100000)
 Metaspace       used 20428K, capacity 20686K, committed 20992K, reserved 1067008K
  class space    used 2468K, capacity 2555K, committed 2560K, reserved 1048576K
Event: 20503.224 GC heap after
Heap after GC invocations=5 (full 0):
 PSYoungGen      total 132096K, used 4121K [0x00000000d6f80000, 0x00000000e7580000, 0x0000000100000000)
  eden space 126976K, 0% used [0x00000000d6f80000,0x00000000d6f80000,0x00000000deb80000)
  from space 5120K, 80% used [0x00000000deb80000,0x00000000def865f0,0x00000000df080000)
  to   space 7168K, 0% used [0x00000000e6e80000,0x00000000e6e80000,0x00000000e7580000)
 ParOldGen       total 84992K, used 34342K [0x0000000084e00000, 0x000000008a100000, 0x00000000d6f80000)
  object space 84992K, 40% used [0x0000000084e00000,0x0000000086f89820,0x000000008a100000)
 Metaspace       used 20428K, capacity 20686K, committed 20992K, reserved 1067008K
  class space    used 2468K, capacity 2555K, committed 2560K, reserved 1048576K
}
Event: 34881.323 GC heap before
{Heap before GC invocations=6 (full 0):
 PSYoungGen      total 132096K, used 131097K [0x00000000d6f80000, 0x00000000e7580000, 0x0000000100000000)
  eden space 126976K, 100% used [0x00000000d6f80000,0x00000000deb80000,0x00000000deb80000)
  from space 5120K, 80% used [0x00000000deb80000,0x00000000def865f0,0x00000000df080000)
  to   space 7168K, 0% used [0x00000000e6e80000,0x00000000e6e80000,0x00000000e7580000)
 ParOldGen       total 84992K, used 34342K [0x0000000084e00000, 0x000000008a100000, 0x00000000d6f80000)
  object space 84992K, 40% used [0x0000000084e00000,0x0000000086f89820,0x000000008a100000)
 Metaspace       used 20428K, capacity 20686K, committed 20992K, reserved 1067008K
  class space    used 2468K, capacity 2555K, committed 2560K, reserved 1048576K
Event: 34881.345 GC heap after
Heap after GC invocations=6 (full 0):
 PSYoungGen      total 260096K, used 4105K [0x00000000d6f80000, 0x00000000e7480000, 0x0000000100000000)
  eden space 253952K, 0% used [0x00000000d6f80000,0x00000000d6f80000,0x00000000e6780000)
  from space 6144K, 66% used [0x00000000e6e80000,0x00000000e72825e0,0x00000000e7480000)
  to   space 6656K, 0% used [0x00000000e6780000,0x00000000e6780000,0x00000000e6e00000)
 ParOldGen       total 84992K, used 34350K [0x0000000084e00000, 0x000000008a100000, 0x00000000d6f80000)
  object space 84992K, 40% used [0x0000000084e00000,0x0000000086f8b820,0x000000008a100000)
 Metaspace       used 20428K, capacity 20686K, committed 20992K, reserved 1067008K
  class space    used 2468K, capacity 2555K, committed 2560K, reserved 1048576K
}

