# JRE version: Java(TM) SE Runtime Environment (8.0_161-b12) (build 1.8.0_161-b12)
# Java VM: Java HotSpot(TM) 64-Bit Server VM (25.161-b12 mixed mode linux-amd64 compressed oops)
Heap:
 PSYoungGen      total 259584K, used 185150K [0x00000000d6f80000, 0x00000000f6200000, 0x0000000100000000)
  eden space 250880K, 73% used [0x00000000d6f80000,0x00000000e2407bb0,0x00000000e6480000)
  from space 8704K, 3% used [0x00000000e6480000,0x00000000e64c8000,0x00000000e6d00000)
  to   space 8704K, 0% used [0x00000000f5980000,0x00000000f5980000,0x00000000f6200000)
 ParOldGen       total 72192K, used 6190K [0x0000000084e00000, 0x0000000089480000, 0x00000000d6f80000)
  object space 72192K, 8% used [0x0000000084e00000,0x000000008540b860,0x0000000089480000)
 Metaspace       used 21345K, capacity 21632K, committed 22064K, reserved 1069056K
  class space    used 2583K, capacity 2653K, committed 2688K, reserved 1048576K
GC Heap History (10 events):
Event: 20.611 GC heap before
{Heap before GC invocations=4 (full 0):
 PSYoungGen      total 68608K, used 7446K [0x00000000d6f80000, 0x00000000df580000, 0x0000000100000000)
  eden space 63488K, 3% used [0x00000000d6f80000,0x00000000d71cb4e8,0x00000000dad80000)
  from space 5120K, 99% used [0x00000000dad80000,0x00000000db27a5e0,0x00000000db280000)
  to   space 5120K, 0% used [0x00000000df080000,0x00000000df080000,0x00000000df580000)
 ParOldGen       total 84992K, used 51386K [0x0000000084e00000, 0x000000008a100000, 0x00000000d6f80000)
  object space 84992K, 60% used [0x0000000084e00000,0x000000008802ea20,0x000000008a100000)
 Metaspace       used 20765K, capacity 20992K, committed 21296K, reserved 1069056K
  class space    used 2534K, capacity 2589K, committed 2688K, reserved 1048576K
Event: 20.617 GC heap after
Heap after GC invocations=4 (full 0):
 PSYoungGen      total 132096K, used 5111K [0x00000000d6f80000, 0x00000000df580000, 0x0000000100000000)
  eden space 126976K, 0% used [0x00000000d6f80000,0x00000000d6f80000,0x00000000deb80000)
  from space 5120K, 99% used [0x00000000df080000,0x00000000df57df40,0x00000000df580000)
  to   space 5120K, 0% used [0x00000000deb80000,0x00000000deb80000,0x00000000df080000)
 ParOldGen       total 84992K, used 51394K [0x0000000084e00000, 0x000000008a100000, 0x00000000d6f80000)
  object space 84992K, 60% used [0x0000000084e00000,0x0000000088030a20,0x000000008a100000)
 Metaspace       used 20765K, capacity 20992K, committed 21296K, reserved 1069056K
  class space    used 2534K, capacity 2589K, committed 2688K, reserved 1048576K
}
Event: 20.617 GC heap before
{Heap before GC invocations=5 (full 1):
 PSYoungGen      total 132096K, used 5111K [0x00000000d6f80000, 0x00000000df580000, 0x0000000100000000)
  eden space 126976K, 0% used [0x00000000d6f80000,0x00000000d6f80000,0x00000000deb80000)
  from space 5120K, 99% used [0x00000000df080000,0x00000000df57df40,0x00000000df580000)
  to   space 5120K, 0% used [0x00000000deb80000,0x00000000deb80000,0x00000000df080000)
 ParOldGen       total 84992K, used 51394K [0x0000000084e00000, 0x000000008a100000, 0x00000000d6f80000)
  object space 84992K, 60% used [0x0000000084e00000,0x0000000088030a20,0x000000008a100000)
 Metaspace       used 20765K, capacity 20992K, committed 21296K, reserved 1069056K
  class space    used 2534K, capacity 2589K, committed 2688K, reserved 1048576K
Event: 20.651 GC heap after
Heap after GC invocations=5 (full 1):
 PSYoungGen      total 132096K, used 0K [0x00000000d6f80000, 0x00000000df580000, 0x0000000100000000)
  eden space 126976K, 0% used [0x00000000d6f80000,0x00000000d6f80000,0x00000000deb80000)
  from space 5120K, 0% used [0x00000000df080000,0x00000000df080000,0x00000000df580000)
  to   space 5120K, 0% used [0x00000000deb80000,0x00000000deb80000,0x00000000df080000)
 ParOldGen       total 72192K, used 6182K [0x0000000084e00000, 0x0000000089480000, 0x00000000d6f80000)
  object space 72192K, 8% used [0x0000000084e00000,0x0000000085409860,0x0000000089480000)
 Metaspace       used 20765K, capacity 20992K, committed 21296K, reserved 1069056K
  class space    used 2534K, capacity 2589K, committed 2688K, reserved 1048576K
}
Event: 10724.760 GC heap before
{Heap before GC invocations=6 (full 1):
 PSYoungGen      total 132096K, used 126976K [0x00000000d6f80000, 0x00000000df580000, 0x0000000100000000)
  eden space 126976K, 100% used [0x00000000d6f80000,0x00000000deb80000,0x00000000deb80000)
  from space 5120K, 0% used [0x00000000df080000,0x00000000df080000,0x00000000df580000)
  to   space 5120K, 0% used [0x00000000deb80000,0x00000000deb80000,0x00000000df080000)
 ParOldGen       total 72192K, used 6182K [0x0000000084e00000, 0x0000000089480000, 0x00000000d6f80000)
  object space 72192K, 8% used [0x0000000084e00000,0x0000000085409860,0x0000000089480000)
 Metaspace       used 21339K, capacity 21568K, committed 21808K, reserved 1069056K
  class space    used 2583K, capacity 2653K, committed 2688K, reserved 1048576K
Event: 10724.809 GC heap after
Heap after GC invocations=6 (full 1):
 PSYoungGen      total 132096K, used 754K [0x00000000d6f80000, 0x00000000e7600000, 0x0000000100000000)
  eden space 126976K, 0% used [0x00000000d6f80000,0x00000000d6f80000,0x00000000deb80000)
  from space 5120K, 14% used [0x00000000deb80000,0x00000000dec3cbf8,0x00000000df080000)
  to   space 8704K, 0% used [0x00000000e6d80000,0x00000000e6d80000,0x00000000e7600000)
 ParOldGen       total 72192K, used 6190K [0x0000000084e00000, 0x0000000089480000, 0x00000000d6f80000)
  object space 72192K, 8% used [0x0000000084e00000,0x000000008540b860,0x0000000089480000)
 Metaspace       used 21339K, capacity 21568K, committed 21808K, reserved 1069056K
  class space    used 2583K, capacity 2653K, committed 2688K, reserved 1048576K
}
Event: 23484.953 GC heap before
{Heap before GC invocations=7 (full 1):
 PSYoungGen      total 132096K, used 127730K [0x00000000d6f80000, 0x00000000e7600000, 0x0000000100000000)
  eden space 126976K, 100% used [0x00000000d6f80000,0x00000000deb80000,0x00000000deb80000)
  from space 5120K, 14% used [0x00000000deb80000,0x00000000dec3cbf8,0x00000000df080000)
  to   space 8704K, 0% used [0x00000000e6d80000,0x00000000e6d80000,0x00000000e7600000)
 ParOldGen       total 72192K, used 6190K [0x0000000084e00000, 0x0000000089480000, 0x00000000d6f80000)
  object space 72192K, 8% used [0x0000000084e00000,0x000000008540b860,0x0000000089480000)
 Metaspace       used 21345K, capacity 21632K, committed 22064K, reserved 1069056K
  class space    used 2583K, capacity 2653K, committed 2688K, reserved 1048576K
Event: 23486.214 GC heap after
Heap after GC invocations=7 (full 1):
 PSYoungGen      total 259072K, used 288K [0x00000000d6f80000, 0x00000000e7580000, 0x0000000100000000)
  eden space 250880K, 0% used [0x00000000d6f80000,0x00000000d6f80000,0x00000000e6480000)
  from space 8192K, 3% used [0x00000000e6d80000,0x00000000e6dc8000,0x00000000e7580000)
  to   space 8704K, 0% used [0x00000000e6480000,0x00000000e6480000,0x00000000e6d00000)
 ParOldGen       total 72192K, used 6190K [0x0000000084e00000, 0x0000000089480000, 0x00000000d6f80000)
  object space 72192K, 8% used [0x0000000084e00000,0x000000008540b860,0x0000000089480000)
 Metaspace       used 21345K, capacity 21632K, committed 22064K, reserved 1069056K
  class space    used 2583K, capacity 2653K, committed 2688K, reserved 1048576K
}
Event: 48950.804 GC heap before
{Heap before GC invocations=8 (full 1):
 PSYoungGen      total 259072K, used 251168K [0x00000000d6f80000, 0x00000000e7580000, 0x0000000100000000)
  eden space 250880K, 100% used [0x00000000d6f80000,0x00000000e6480000,0x00000000e6480000)
  from space 8192K, 3% used [0x00000000e6d80000,0x00000000e6dc8000,0x00000000e7580000)
  to   space 8704K, 0% used [0x00000000e6480000,0x00000000e6480000,0x00000000e6d00000)
 ParOldGen       total 72192K, used 6190K [0x0000000084e00000, 0x0000000089480000, 0x00000000d6f80000)
  object space 72192K, 8% used [0x0000000084e00000,0x000000008540b860,0x0000000089480000)
 Metaspace       used 21345K, capacity 21632K, committed 22064K, reserved 1069056K
  class space    used 2583K, capacity 2653K, committed 2688K, reserved 1048576K
Event: 48951.200 GC heap after
Heap after GC invocations=8 (full 1):
 PSYoungGen      total 259584K, used 288K [0x00000000d6f80000, 0x00000000f6200000, 0x0000000100000000)
  eden space 250880K, 0% used [0x00000000d6f80000,0x00000000d6f80000,0x00000000e6480000)
  from space 8704K, 3% used [0x00000000e6480000,0x00000000e64c8000,0x00000000e6d00000)
  to   space 8704K, 0% used [0x00000000f5980000,0x00000000f5980000,0x00000000f6200000)
 ParOldGen       total 72192K, used 6190K [0x0000000084e00000, 0x0000000089480000, 0x00000000d6f80000)
  object space 72192K, 8% used [0x0000000084e00000,0x000000008540b860,0x0000000089480000)
 Metaspace       used 21345K, capacity 21632K, committed 22064K, reserved 1069056K
  class space    used 2583K, capacity 2653K, committed 2688K, reserved 1048576K
}

