# JRE version: Java(TM) SE Runtime Environment (8.0_161-b12) (build 1.8.0_161-b12)
# Java VM: Java HotSpot(TM) 64-Bit Server VM (25.161-b12 mixed mode linux-amd64 compressed oops)
Heap:
 PSYoungGen      total 260608K, used 186925K [0x00000000d6f80000, 0x00000000e7480000, 0x0000000100000000)
  eden space 253952K, 71% used [0x00000000d6f80000,0x00000000e21bfa00,0x00000000e6780000)
  from space 6656K, 66% used [0x00000000e6e00000,0x00000000e724ba18,0x00000000e7480000)
  to   space 6656K, 0% used [0x00000000e6780000,0x00000000e6780000,0x00000000e6e00000)
 ParOldGen       total 84992K, used 17725K [0x0000000084e00000, 0x000000008a100000, 0x00000000d6f80000)
  object space 84992K, 20% used [0x0000000084e00000,0x0000000085f4f4d8,0x000000008a100000)
 Metaspace       used 19986K, capacity 20296K, committed 20480K, reserved 1067008K
  class space    used 2457K, capacity 2554K, committed 2560K, reserved 1048576K
GC Heap History (10 events):
Event: 0.749 GC heap before
{Heap before GC invocations=2 (full 0):
 PSYoungGen      total 36864K, used 34632K [0x00000000d6f80000, 0x00000000db780000, 0x0000000100000000)
  eden space 31744K, 96% used [0x00000000d6f80000,0x00000000d8d60da0,0x00000000d8e80000)
  from space 5120K, 78% used [0x00000000d8e80000,0x00000000d9271448,0x00000000d9380000)
  to   space 5120K, 0% used [0x00000000db280000,0x00000000db280000,0x00000000db780000)
 ParOldGen       total 84992K, used 8116K [0x0000000084e00000, 0x000000008a100000, 0x00000000d6f80000)
  object space 84992K, 9% used [0x0000000084e00000,0x00000000855ed010,0x000000008a100000)
 Metaspace       used 13090K, capacity 13334K, committed 13568K, reserved 1060864K
  class space    used 1626K, capacity 1700K, committed 1792K, reserved 1048576K
Event: 0.760 GC heap after
Heap after GC invocations=2 (full 0):
 PSYoungGen      total 68608K, used 2914K [0x00000000d6f80000, 0x00000000db780000, 0x0000000100000000)
  eden space 63488K, 0% used [0x00000000d6f80000,0x00000000d6f80000,0x00000000dad80000)
  from space 5120K, 56% used [0x00000000db280000,0x00000000db558b50,0x00000000db780000)
  to   space 5120K, 0% used [0x00000000dad80000,0x00000000dad80000,0x00000000db280000)
 ParOldGen       total 84992K, used 16224K [0x0000000084e00000, 0x000000008a100000, 0x00000000d6f80000)
  object space 84992K, 19% used [0x0000000084e00000,0x0000000085dd8020,0x000000008a100000)
 Metaspace       used 13090K, capacity 13334K, committed 13568K, reserved 1060864K
  class space    used 1626K, capacity 1700K, committed 1792K, reserved 1048576K
}
Event: 1945.492 GC heap before
{Heap before GC invocations=3 (full 0):
 PSYoungGen      total 68608K, used 66402K [0x00000000d6f80000, 0x00000000db780000, 0x0000000100000000)
  eden space 63488K, 100% used [0x00000000d6f80000,0x00000000dad80000,0x00000000dad80000)
  from space 5120K, 56% used [0x00000000db280000,0x00000000db558b50,0x00000000db780000)
  to   space 5120K, 0% used [0x00000000dad80000,0x00000000dad80000,0x00000000db280000)
 ParOldGen       total 84992K, used 16224K [0x0000000084e00000, 0x000000008a100000, 0x00000000d6f80000)
  object space 84992K, 19% used [0x0000000084e00000,0x0000000085dd8020,0x000000008a100000)
 Metaspace       used 19976K, capacity 20296K, committed 20480K, reserved 1067008K
  class space    used 2457K, capacity 2554K, committed 2560K, reserved 1048576K
Event: 1945.505 GC heap after
Heap after GC invocations=3 (full 0):
 PSYoungGen      total 68608K, used 5100K [0x00000000d6f80000, 0x00000000df580000, 0x0000000100000000)
  eden space 63488K, 0% used [0x00000000d6f80000,0x00000000d6f80000,0x00000000dad80000)
  from space 5120K, 99% used [0x00000000dad80000,0x00000000db27b1e8,0x00000000db280000)
  to   space 5120K, 0% used [0x00000000df080000,0x00000000df080000,0x00000000df580000)
 ParOldGen       total 84992K, used 17717K [0x0000000084e00000, 0x000000008a100000, 0x00000000d6f80000)
  object space 84992K, 20% used [0x0000000084e00000,0x0000000085f4d4d8,0x000000008a100000)
 Metaspace       used 19976K, capacity 20296K, committed 20480K, reserved 1067008K
  class space    used 2457K, capacity 2554K, committed 2560K, reserved 1048576K
}
Event: 9825.174 GC heap before
{Heap before GC invocations=4 (full 0):
 PSYoungGen      total 68608K, used 68588K [0x00000000d6f80000, 0x00000000df580000, 0x0000000100000000)
  eden space 63488K, 100% used [0x00000000d6f80000,0x00000000dad80000,0x00000000dad80000)
  from space 5120K, 99% used [0x00000000dad80000,0x00000000db27b1e8,0x00000000db280000)
  to   space 5120K, 0% used [0x00000000df080000,0x00000000df080000,0x00000000df580000)
 ParOldGen       total 84992K, used 17717K [0x0000000084e00000, 0x000000008a100000, 0x00000000d6f80000)
  object space 84992K, 20% used [0x0000000084e00000,0x0000000085f4d4d8,0x000000008a100000)
 Metaspace       used 19980K, capacity 20296K, committed 20480K, reserved 1067008K
  class space    used 2457K, capacity 2554K, committed 2560K, reserved 1048576K
Event: 9825.185 GC heap after
Heap after GC invocations=4 (full 0):
 PSYoungGen      total 132096K, used 5018K [0x00000000d6f80000, 0x00000000df580000, 0x0000000100000000)
  eden space 126976K, 0% used [0x00000000d6f80000,0x00000000d6f80000,0x00000000deb80000)
  from space 5120K, 98% used [0x00000000df080000,0x00000000df5669e8,0x00000000df580000)
  to   space 5120K, 0% used [0x00000000deb80000,0x00000000deb80000,0x00000000df080000)
 ParOldGen       total 84992K, used 17717K [0x0000000084e00000, 0x000000008a100000, 0x00000000d6f80000)
  object space 84992K, 20% used [0x0000000084e00000,0x0000000085f4d4d8,0x000000008a100000)
 Metaspace       used 19980K, capacity 20296K, committed 20480K, reserved 1067008K
  class space    used 2457K, capacity 2554K, committed 2560K, reserved 1048576K
}
Event: 25912.927 GC heap before
{Heap before GC invocations=5 (full 0):
 PSYoungGen      total 132096K, used 131994K [0x00000000d6f80000, 0x00000000df580000, 0x0000000100000000)
  eden space 126976K, 100% used [0x00000000d6f80000,0x00000000deb80000,0x00000000deb80000)
  from space 5120K, 98% used [0x00000000df080000,0x00000000df5669e8,0x00000000df580000)
  to   space 5120K, 0% used [0x00000000deb80000,0x00000000deb80000,0x00000000df080000)
 ParOldGen       total 84992K, used 17717K [0x0000000084e00000, 0x000000008a100000, 0x00000000d6f80000)
  object space 84992K, 20% used [0x0000000084e00000,0x0000000085f4d4d8,0x000000008a100000)
 Metaspace       used 19985K, capacity 20296K, committed 20480K, reserved 1067008K
  class space    used 2457K, capacity 2554K, committed 2560K, reserved 1048576K
Event: 25916.333 GC heap after
Heap after GC invocations=5 (full 0):
 PSYoungGen      total 132096K, used 4498K [0x00000000d6f80000, 0x00000000e7480000, 0x0000000100000000)
  eden space 126976K, 0% used [0x00000000d6f80000,0x00000000d6f80000,0x00000000deb80000)
  from space 5120K, 87% used [0x00000000deb80000,0x00000000defe49d8,0x00000000df080000)
  to   space 6656K, 0% used [0x00000000e6e00000,0x00000000e6e00000,0x00000000e7480000)
 ParOldGen       total 84992K, used 17725K [0x0000000084e00000, 0x000000008a100000, 0x00000000d6f80000)
  object space 84992K, 20% used [0x0000000084e00000,0x0000000085f4f4d8,0x000000008a100000)
 Metaspace       used 19985K, capacity 20296K, committed 20480K, reserved 1067008K
  class space    used 2457K, capacity 2554K, committed 2560K, reserved 1048576K
}
Event: 42032.389 GC heap before
{Heap before GC invocations=6 (full 0):
 PSYoungGen      total 132096K, used 131474K [0x00000000d6f80000, 0x00000000e7480000, 0x0000000100000000)
  eden space 126976K, 100% used [0x00000000d6f80000,0x00000000deb80000,0x00000000deb80000)
  from space 5120K, 87% used [0x00000000deb80000,0x00000000defe49d8,0x00000000df080000)
  to   space 6656K, 0% used [0x00000000e6e00000,0x00000000e6e00000,0x00000000e7480000)
 ParOldGen       total 84992K, used 17725K [0x0000000084e00000, 0x000000008a100000, 0x00000000d6f80000)
  object space 84992K, 20% used [0x0000000084e00000,0x0000000085f4f4d8,0x000000008a100000)
 Metaspace       used 19985K, capacity 20296K, committed 20480K, reserved 1067008K
  class space    used 2457K, capacity 2554K, committed 2560K, reserved 1048576K
Event: 42032.435 GC heap after
Heap after GC invocations=6 (full 0):
 PSYoungGen      total 260608K, used 4398K [0x00000000d6f80000, 0x00000000e7480000, 0x0000000100000000)
  eden space 253952K, 0% used [0x00000000d6f80000,0x00000000d6f80000,0x00000000e6780000)
  from space 6656K, 66% used [0x00000000e6e00000,0x00000000e724ba18,0x00000000e7480000)
  to   space 6656K, 0% used [0x00000000e6780000,0x00000000e6780000,0x00000000e6e00000)
 ParOldGen       total 84992K, used 17725K [0x0000000084e00000, 0x000000008a100000, 0x00000000d6f80000)
  object space 84992K, 20% used [0x0000000084e00000,0x0000000085f4f4d8,0x000000008a100000)
 Metaspace       used 19985K, capacity 20296K, committed 20480K, reserved 1067008K
  class space    used 2457K, capacity 2554K, committed 2560K, reserved 1048576K
}

