# JRE version: Java(TM) SE Runtime Environment (8.0_161-b12) (build 1.8.0_161-b12)
# Java VM: Java HotSpot(TM) 64-Bit Server VM (25.161-b12 mixed mode linux-amd64 compressed oops)
Heap:
 PSYoungGen      total 260096K, used 216723K [0x00000000d6f80000, 0x00000000e7480000, 0x0000000100000000)
  eden space 253952K, 83% used [0x00000000d6f80000,0x00000000e3efe898,0x00000000e6780000)
  from space 6144K, 69% used [0x00000000e6e80000,0x00000000e72a65d0,0x00000000e7480000)
  to   space 6656K, 0% used [0x00000000e6780000,0x00000000e6780000,0x00000000e6e00000)
 ParOldGen       total 84992K, used 50707K [0x0000000084e00000, 0x000000008a100000, 0x00000000d6f80000)
  object space 84992K, 59% used [0x0000000084e00000,0x0000000087f84de0,0x000000008a100000)
 Metaspace       used 20426K, capacity 20788K, committed 21120K, reserved 1067008K
  class space    used 2494K, capacity 2589K, committed 2688K, reserved 1048576K
GC Heap History (10 events):
Event: 0.988 GC heap before
{Heap before GC invocations=2 (full 0):
 PSYoungGen      total 36864K, used 34692K [0x00000000d6f80000, 0x00000000db780000, 0x0000000100000000)
  eden space 31744K, 96% used [0x00000000d6f80000,0x00000000d8d60dd0,0x00000000d8e80000)
  from space 5120K, 80% used [0x00000000d8e80000,0x00000000d9280320,0x00000000d9380000)
  to   space 5120K, 0% used [0x00000000db280000,0x00000000db280000,0x00000000db780000)
 ParOldGen       total 84992K, used 24316K [0x0000000084e00000, 0x000000008a100000, 0x00000000d6f80000)
  object space 84992K, 28% used [0x0000000084e00000,0x00000000865bf030,0x000000008a100000)
 Metaspace       used 13112K, capacity 13338K, committed 13568K, reserved 1060864K
  class space    used 1626K, capacity 1700K, committed 1792K, reserved 1048576K
Event: 0.999 GC heap after
Heap after GC invocations=2 (full 0):
 PSYoungGen      total 68608K, used 2962K [0x00000000d6f80000, 0x00000000db780000, 0x0000000100000000)
  eden space 63488K, 0% used [0x00000000d6f80000,0x00000000d6f80000,0x00000000dad80000)
  from space 5120K, 57% used [0x00000000db280000,0x00000000db564b60,0x00000000db780000)
  to   space 5120K, 0% used [0x00000000dad80000,0x00000000dad80000,0x00000000db280000)
 ParOldGen       total 84992K, used 48624K [0x0000000084e00000, 0x000000008a100000, 0x00000000d6f80000)
  object space 84992K, 57% used [0x0000000084e00000,0x0000000087d7c060,0x000000008a100000)
 Metaspace       used 13112K, capacity 13338K, committed 13568K, reserved 1060864K
  class space    used 1626K, capacity 1700K, committed 1792K, reserved 1048576K
}
Event: 462.561 GC heap before
{Heap before GC invocations=3 (full 0):
 PSYoungGen      total 68608K, used 66450K [0x00000000d6f80000, 0x00000000db780000, 0x0000000100000000)
  eden space 63488K, 100% used [0x00000000d6f80000,0x00000000dad80000,0x00000000dad80000)
  from space 5120K, 57% used [0x00000000db280000,0x00000000db564b60,0x00000000db780000)
  to   space 5120K, 0% used [0x00000000dad80000,0x00000000dad80000,0x00000000db280000)
 ParOldGen       total 84992K, used 48624K [0x0000000084e00000, 0x000000008a100000, 0x00000000d6f80000)
  object space 84992K, 57% used [0x0000000084e00000,0x0000000087d7c060,0x000000008a100000)
 Metaspace       used 20334K, capacity 20596K, committed 20864K, reserved 1067008K
  class space    used 2490K, capacity 2589K, committed 2688K, reserved 1048576K
Event: 462.569 GC heap after
Heap after GC invocations=3 (full 0):
 PSYoungGen      total 68608K, used 5100K [0x00000000d6f80000, 0x00000000df580000, 0x0000000100000000)
  eden space 63488K, 0% used [0x00000000d6f80000,0x00000000d6f80000,0x00000000dad80000)
  from space 5120K, 99% used [0x00000000dad80000,0x00000000db27b1e8,0x00000000db280000)
  to   space 5120K, 0% used [0x00000000df080000,0x00000000df080000,0x00000000df580000)
 ParOldGen       total 84992K, used 50683K [0x0000000084e00000, 0x000000008a100000, 0x00000000d6f80000)
  object space 84992K, 59% used [0x0000000084e00000,0x0000000087f7ede0,0x000000008a100000)
 Metaspace       used 20334K, capacity 20596K, committed 20864K, reserved 1067008K
  class space    used 2490K, capacity 2589K, committed 2688K, reserved 1048576K
}
Event: 8186.863 GC heap before
{Heap before GC invocations=4 (full 0):
 PSYoungGen      total 68608K, used 68588K [0x00000000d6f80000, 0x00000000df580000, 0x0000000100000000)
  eden space 63488K, 100% used [0x00000000d6f80000,0x00000000dad80000,0x00000000dad80000)
  from space 5120K, 99% used [0x00000000dad80000,0x00000000db27b1e8,0x00000000db280000)
  to   space 5120K, 0% used [0x00000000df080000,0x00000000df080000,0x00000000df580000)
 ParOldGen       total 84992K, used 50683K [0x0000000084e00000, 0x000000008a100000, 0x00000000d6f80000)
  object space 84992K, 59% used [0x0000000084e00000,0x0000000087f7ede0,0x000000008a100000)
 Metaspace       used 20420K, capacity 20788K, committed 21120K, reserved 1067008K
  class space    used 2494K, capacity 2589K, committed 2688K, reserved 1048576K
Event: 8186.868 GC heap after
Heap after GC invocations=4 (full 0):
 PSYoungGen      total 132096K, used 4889K [0x00000000d6f80000, 0x00000000df580000, 0x0000000100000000)
  eden space 126976K, 0% used [0x00000000d6f80000,0x00000000d6f80000,0x00000000deb80000)
  from space 5120K, 95% used [0x00000000df080000,0x00000000df5465d0,0x00000000df580000)
  to   space 5120K, 0% used [0x00000000deb80000,0x00000000deb80000,0x00000000df080000)
 ParOldGen       total 84992K, used 50691K [0x0000000084e00000, 0x000000008a100000, 0x00000000d6f80000)
  object space 84992K, 59% used [0x0000000084e00000,0x0000000087f80de0,0x000000008a100000)
 Metaspace       used 20420K, capacity 20788K, committed 21120K, reserved 1067008K
  class space    used 2494K, capacity 2589K, committed 2688K, reserved 1048576K
}
Event: 24196.807 GC heap before
{Heap before GC invocations=5 (full 0):
 PSYoungGen      total 132096K, used 131865K [0x00000000d6f80000, 0x00000000df580000, 0x0000000100000000)
  eden space 126976K, 100% used [0x00000000d6f80000,0x00000000deb80000,0x00000000deb80000)
  from space 5120K, 95% used [0x00000000df080000,0x00000000df5465d0,0x00000000df580000)
  to   space 5120K, 0% used [0x00000000deb80000,0x00000000deb80000,0x00000000df080000)
 ParOldGen       total 84992K, used 50691K [0x0000000084e00000, 0x000000008a100000, 0x00000000d6f80000)
  object space 84992K, 59% used [0x0000000084e00000,0x0000000087f80de0,0x000000008a100000)
 Metaspace       used 20424K, capacity 20788K, committed 21120K, reserved 1067008K
  class space    used 2494K, capacity 2589K, committed 2688K, reserved 1048576K
Event: 24198.853 GC heap after
Heap after GC invocations=5 (full 0):
 PSYoungGen      total 132096K, used 4279K [0x00000000d6f80000, 0x00000000e7580000, 0x0000000100000000)
  eden space 126976K, 0% used [0x00000000d6f80000,0x00000000d6f80000,0x00000000deb80000)
  from space 5120K, 83% used [0x00000000deb80000,0x00000000defaddc0,0x00000000df080000)
  to   space 7168K, 0% used [0x00000000e6e80000,0x00000000e6e80000,0x00000000e7580000)
 ParOldGen       total 84992K, used 50699K [0x0000000084e00000, 0x000000008a100000, 0x00000000d6f80000)
  object space 84992K, 59% used [0x0000000084e00000,0x0000000087f82de0,0x000000008a100000)
 Metaspace       used 20424K, capacity 20788K, committed 21120K, reserved 1067008K
  class space    used 2494K, capacity 2589K, committed 2688K, reserved 1048576K
}
Event: 40126.808 GC heap before
{Heap before GC invocations=6 (full 0):
 PSYoungGen      total 132096K, used 131255K [0x00000000d6f80000, 0x00000000e7580000, 0x0000000100000000)
  eden space 126976K, 100% used [0x00000000d6f80000,0x00000000deb80000,0x00000000deb80000)
  from space 5120K, 83% used [0x00000000deb80000,0x00000000defaddc0,0x00000000df080000)
  to   space 7168K, 0% used [0x00000000e6e80000,0x00000000e6e80000,0x00000000e7580000)
 ParOldGen       total 84992K, used 50699K [0x0000000084e00000, 0x000000008a100000, 0x00000000d6f80000)
  object space 84992K, 59% used [0x0000000084e00000,0x0000000087f82de0,0x000000008a100000)
 Metaspace       used 20425K, capacity 20788K, committed 21120K, reserved 1067008K
  class space    used 2494K, capacity 2589K, committed 2688K, reserved 1048576K
Event: 40127.322 GC heap after
Heap after GC invocations=6 (full 0):
 PSYoungGen      total 260096K, used 4249K [0x00000000d6f80000, 0x00000000e7480000, 0x0000000100000000)
  eden space 253952K, 0% used [0x00000000d6f80000,0x00000000d6f80000,0x00000000e6780000)
  from space 6144K, 69% used [0x00000000e6e80000,0x00000000e72a65d0,0x00000000e7480000)
  to   space 6656K, 0% used [0x00000000e6780000,0x00000000e6780000,0x00000000e6e00000)
 ParOldGen       total 84992K, used 50707K [0x0000000084e00000, 0x000000008a100000, 0x00000000d6f80000)
  object space 84992K, 59% used [0x0000000084e00000,0x0000000087f84de0,0x000000008a100000)
 Metaspace       used 20425K, capacity 20788K, committed 21120K, reserved 1067008K
  class space    used 2494K, capacity 2589K, committed 2688K, reserved 1048576K
}

