# JRE version: Java(TM) SE Runtime Environment (8.0_161-b12) (build 1.8.0_161-b12)
# Java VM: Java HotSpot(TM) 64-Bit Server VM (25.161-b12 mixed mode linux-amd64 compressed oops)
Heap:
 PSYoungGen      total 68608K, used 30396K [0x00000000d6f80000, 0x00000000df580000, 0x0000000100000000)
  eden space 63488K, 39% used [0x00000000d6f80000,0x00000000d883cbe8,0x00000000dad80000)
  from space 5120K, 98% used [0x00000000dad80000,0x00000000db2725e0,0x00000000db280000)
  to   space 5120K, 0% used [0x00000000df080000,0x00000000df080000,0x00000000df580000)
 ParOldGen       total 84992K, used 40540K [0x0000000084e00000, 0x000000008a100000, 0x00000000d6f80000)
  object space 84992K, 47% used [0x0000000084e00000,0x0000000087597050,0x000000008a100000)
 Metaspace       used 18422K, capacity 18622K, committed 19072K, reserved 1067008K
  class space    used 2238K, capacity 2325K, committed 2432K, reserved 1048576K
GC Heap History (6 events):
Event: 0.577 GC heap before
{Heap before GC invocations=1 (full 0):
 PSYoungGen      total 36864K, used 26630K [0x00000000d6f80000, 0x00000000d9880000, 0x0000000100000000)
  eden space 31744K, 83% used [0x00000000d6f80000,0x00000000d8981920,0x00000000d8e80000)
  from space 5120K, 0% used [0x00000000d9380000,0x00000000d9380000,0x00000000d9880000)
  to   space 5120K, 0% used [0x00000000d8e80000,0x00000000d8e80000,0x00000000d9380000)
 ParOldGen       total 84992K, used 0K [0x0000000084e00000, 0x000000008a100000, 0x00000000d6f80000)
  object space 84992K, 0% used [0x0000000084e00000,0x0000000084e00000,0x000000008a100000)
 Metaspace       used 12539K, capacity 12748K, committed 12928K, reserved 1060864K
  class space    used 1562K, capacity 1635K, committed 1664K, reserved 1048576K
Event: 0.592 GC heap after
Heap after GC invocations=1 (full 0):
 PSYoungGen      total 36864K, used 3861K [0x00000000d6f80000, 0x00000000db780000, 0x0000000100000000)
  eden space 31744K, 0% used [0x00000000d6f80000,0x00000000d6f80000,0x00000000d8e80000)
  from space 5120K, 75% used [0x00000000d8e80000,0x00000000d9245438,0x00000000d9380000)
  to   space 5120K, 0% used [0x00000000db280000,0x00000000db280000,0x00000000db780000)
 ParOldGen       total 84992K, used 24316K [0x0000000084e00000, 0x000000008a100000, 0x00000000d6f80000)
  object space 84992K, 28% used [0x0000000084e00000,0x00000000865bf030,0x000000008a100000)
 Metaspace       used 12539K, capacity 12748K, committed 12928K, reserved 1060864K
  class space    used 1562K, capacity 1635K, committed 1664K, reserved 1048576K
}
Event: 0.708 GC heap before
{Heap before GC invocations=2 (full 0):
 PSYoungGen      total 36864K, used 34243K [0x00000000d6f80000, 0x00000000db780000, 0x0000000100000000)
  eden space 31744K, 95% used [0x00000000d6f80000,0x00000000d8d2b810,0x00000000d8e80000)
  from space 5120K, 75% used [0x00000000d8e80000,0x00000000d9245438,0x00000000d9380000)
  to   space 5120K, 0% used [0x00000000db280000,0x00000000db280000,0x00000000db780000)
 ParOldGen       total 84992K, used 24316K [0x0000000084e00000, 0x000000008a100000, 0x00000000d6f80000)
  object space 84992K, 28% used [0x0000000084e00000,0x00000000865bf030,0x000000008a100000)
 Metaspace       used 12680K, capacity 12876K, committed 13184K, reserved 1060864K
  class space    used 1572K, capacity 1635K, committed 1664K, reserved 1048576K
Event: 0.716 GC heap after
Heap after GC invocations=2 (full 0):
 PSYoungGen      total 68608K, used 2870K [0x00000000d6f80000, 0x00000000db780000, 0x0000000100000000)
  eden space 63488K, 0% used [0x00000000d6f80000,0x00000000d6f80000,0x00000000dad80000)
  from space 5120K, 56% used [0x00000000db280000,0x00000000db54d9c8,0x00000000db780000)
  to   space 5120K, 0% used [0x00000000dad80000,0x00000000dad80000,0x00000000db280000)
 ParOldGen       total 84992K, used 40524K [0x0000000084e00000, 0x000000008a100000, 0x00000000d6f80000)
  object space 84992K, 47% used [0x0000000084e00000,0x0000000087593050,0x000000008a100000)
 Metaspace       used 12680K, capacity 12876K, committed 13184K, reserved 1060864K
  class space    used 1572K, capacity 1635K, committed 1664K, reserved 1048576K
}
Event: 5523.315 GC heap before
{Heap before GC invocations=3 (full 0):
 PSYoungGen      total 68608K, used 66358K [0x00000000d6f80000, 0x00000000db780000, 0x0000000100000000)
  eden space 63488K, 100% used [0x00000000d6f80000,0x00000000dad80000,0x00000000dad80000)
  from space 5120K, 56% used [0x00000000db280000,0x00000000db54d9c8,0x00000000db780000)
  to   space 5120K, 0% used [0x00000000dad80000,0x00000000dad80000,0x00000000db280000)
 ParOldGen       total 84992K, used 40524K [0x0000000084e00000, 0x000000008a100000, 0x00000000d6f80000)
  object space 84992K, 47% used [0x0000000084e00000,0x0000000087593050,0x000000008a100000)
 Metaspace       used 18213K, capacity 18494K, committed 18816K, reserved 1064960K
  class space    used 2232K, capacity 2325K, committed 2432K, reserved 1048576K
Event: 5523.343 GC heap after
Heap after GC invocations=3 (full 0):
 PSYoungGen      total 68608K, used 5065K [0x00000000d6f80000, 0x00000000df580000, 0x0000000100000000)
  eden space 63488K, 0% used [0x00000000d6f80000,0x00000000d6f80000,0x00000000dad80000)
  from space 5120K, 98% used [0x00000000dad80000,0x00000000db2725e0,0x00000000db280000)
  to   space 5120K, 0% used [0x00000000df080000,0x00000000df080000,0x00000000df580000)
 ParOldGen       total 84992K, used 40540K [0x0000000084e00000, 0x000000008a100000, 0x00000000d6f80000)
  object space 84992K, 47% used [0x0000000084e00000,0x0000000087597050,0x000000008a100000)
 Metaspace       used 18213K, capacity 18494K, committed 18816K, reserved 1064960K
  class space    used 2232K, capacity 2325K, committed 2432K, reserved 1048576K
}

