# JRE version: Java(TM) SE Runtime Environment (8.0_161-b12) (build 1.8.0_161-b12)
# Java VM: Java HotSpot(TM) 64-Bit Server VM (25.161-b12 mixed mode linux-amd64 compressed oops)
Heap:
 PSYoungGen      total 260608K, used 191014K [0x00000000d6f80000, 0x00000000e7480000, 0x0000000100000000)
  eden space 253952K, 73% used [0x00000000d6f80000,0x00000000e25ba628,0x00000000e6780000)
  from space 6656K, 66% used [0x00000000e6e00000,0x00000000e724f1f8,0x00000000e7480000)
  to   space 6656K, 0% used [0x00000000e6780000,0x00000000e6780000,0x00000000e6e00000)
 ParOldGen       total 84992K, used 50062K [0x0000000084e00000, 0x000000008a100000, 0x00000000d6f80000)
  object space 84992K, 58% used [0x0000000084e00000,0x0000000087ee3850,0x000000008a100000)
 Metaspace       used 20040K, capacity 20364K, committed 20480K, reserved 1067008K
  class space    used 2468K, capacity 2554K, committed 2560K, reserved 1048576K
GC Heap History (10 events):
Event: 0.786 GC heap before
{Heap before GC invocations=2 (full 0):
 PSYoungGen      total 36864K, used 34432K [0x00000000d6f80000, 0x00000000db780000, 0x0000000100000000)
  eden space 31744K, 95% used [0x00000000d6f80000,0x00000000d8d2ba98,0x00000000d8e80000)
  from space 5120K, 79% used [0x00000000d8e80000,0x00000000d92747a0,0x00000000d9380000)
  to   space 5120K, 0% used [0x00000000db280000,0x00000000db280000,0x00000000db780000)
 ParOldGen       total 84992K, used 24316K [0x0000000084e00000, 0x000000008a100000, 0x00000000d6f80000)
  object space 84992K, 28% used [0x0000000084e00000,0x00000000865bf030,0x000000008a100000)
 Metaspace       used 13103K, capacity 13338K, committed 13568K, reserved 1060864K
  class space    used 1626K, capacity 1700K, committed 1792K, reserved 1048576K
Event: 0.795 GC heap after
Heap after GC invocations=2 (full 0):
 PSYoungGen      total 68608K, used 3014K [0x00000000d6f80000, 0x00000000db780000, 0x0000000100000000)
  eden space 63488K, 0% used [0x00000000d6f80000,0x00000000d6f80000,0x00000000dad80000)
  from space 5120K, 58% used [0x00000000db280000,0x00000000db5719d8,0x00000000db780000)
  to   space 5120K, 0% used [0x00000000dad80000,0x00000000dad80000,0x00000000db280000)
 ParOldGen       total 84992K, used 48624K [0x0000000084e00000, 0x000000008a100000, 0x00000000d6f80000)
  object space 84992K, 57% used [0x0000000084e00000,0x0000000087d7c060,0x000000008a100000)
 Metaspace       used 13103K, capacity 13338K, committed 13568K, reserved 1060864K
  class space    used 1626K, capacity 1700K, committed 1792K, reserved 1048576K
}
Event: 1959.388 GC heap before
{Heap before GC invocations=3 (full 0):
 PSYoungGen      total 68608K, used 66502K [0x00000000d6f80000, 0x00000000db780000, 0x0000000100000000)
  eden space 63488K, 100% used [0x00000000d6f80000,0x00000000dad80000,0x00000000dad80000)
  from space 5120K, 58% used [0x00000000db280000,0x00000000db5719d8,0x00000000db780000)
  to   space 5120K, 0% used [0x00000000dad80000,0x00000000dad80000,0x00000000db280000)
 ParOldGen       total 84992K, used 48624K [0x0000000084e00000, 0x000000008a100000, 0x00000000d6f80000)
  object space 84992K, 57% used [0x0000000084e00000,0x0000000087d7c060,0x000000008a100000)
 Metaspace       used 20029K, capacity 20364K, committed 20480K, reserved 1067008K
  class space    used 2468K, capacity 2554K, committed 2560K, reserved 1048576K
Event: 1959.396 GC heap after
Heap after GC invocations=3 (full 0):
 PSYoungGen      total 68608K, used 5111K [0x00000000d6f80000, 0x00000000df580000, 0x0000000100000000)
  eden space 63488K, 0% used [0x00000000d6f80000,0x00000000d6f80000,0x00000000dad80000)
  from space 5120K, 99% used [0x00000000dad80000,0x00000000db27ddc0,0x00000000db280000)
  to   space 5120K, 0% used [0x00000000df080000,0x00000000df080000,0x00000000df580000)
 ParOldGen       total 84992K, used 50046K [0x0000000084e00000, 0x000000008a100000, 0x00000000d6f80000)
  object space 84992K, 58% used [0x0000000084e00000,0x0000000087edf850,0x000000008a100000)
 Metaspace       used 20029K, capacity 20364K, committed 20480K, reserved 1067008K
  class space    used 2468K, capacity 2554K, committed 2560K, reserved 1048576K
}
Event: 9839.171 GC heap before
{Heap before GC invocations=4 (full 0):
 PSYoungGen      total 68608K, used 68599K [0x00000000d6f80000, 0x00000000df580000, 0x0000000100000000)
  eden space 63488K, 100% used [0x00000000d6f80000,0x00000000dad80000,0x00000000dad80000)
  from space 5120K, 99% used [0x00000000dad80000,0x00000000db27ddc0,0x00000000db280000)
  to   space 5120K, 0% used [0x00000000df080000,0x00000000df080000,0x00000000df580000)
 ParOldGen       total 84992K, used 50046K [0x0000000084e00000, 0x000000008a100000, 0x00000000d6f80000)
  object space 84992K, 58% used [0x0000000084e00000,0x0000000087edf850,0x000000008a100000)
 Metaspace       used 20034K, capacity 20364K, committed 20480K, reserved 1067008K
  class space    used 2468K, capacity 2554K, committed 2560K, reserved 1048576K
Event: 9839.176 GC heap after
Heap after GC invocations=4 (full 0):
 PSYoungGen      total 132096K, used 5047K [0x00000000d6f80000, 0x00000000df580000, 0x0000000100000000)
  eden space 126976K, 0% used [0x00000000d6f80000,0x00000000d6f80000,0x00000000deb80000)
  from space 5120K, 98% used [0x00000000df080000,0x00000000df56ddc0,0x00000000df580000)
  to   space 5120K, 0% used [0x00000000deb80000,0x00000000deb80000,0x00000000df080000)
 ParOldGen       total 84992K, used 50054K [0x0000000084e00000, 0x000000008a100000, 0x00000000d6f80000)
  object space 84992K, 58% used [0x0000000084e00000,0x0000000087ee1850,0x000000008a100000)
 Metaspace       used 20034K, capacity 20364K, committed 20480K, reserved 1067008K
  class space    used 2468K, capacity 2554K, committed 2560K, reserved 1048576K
}
Event: 25929.745 GC heap before
{Heap before GC invocations=5 (full 0):
 PSYoungGen      total 132096K, used 132023K [0x00000000d6f80000, 0x00000000df580000, 0x0000000100000000)
  eden space 126976K, 100% used [0x00000000d6f80000,0x00000000deb80000,0x00000000deb80000)
  from space 5120K, 98% used [0x00000000df080000,0x00000000df56ddc0,0x00000000df580000)
  to   space 5120K, 0% used [0x00000000deb80000,0x00000000deb80000,0x00000000df080000)
 ParOldGen       total 84992K, used 50054K [0x0000000084e00000, 0x000000008a100000, 0x00000000d6f80000)
  object space 84992K, 58% used [0x0000000084e00000,0x0000000087ee1850,0x000000008a100000)
 Metaspace       used 20039K, capacity 20364K, committed 20480K, reserved 1067008K
  class space    used 2468K, capacity 2554K, committed 2560K, reserved 1048576K
Event: 25933.723 GC heap after
Heap after GC invocations=5 (full 0):
 PSYoungGen      total 132096K, used 4503K [0x00000000d6f80000, 0x00000000e7480000, 0x0000000100000000)
  eden space 126976K, 0% used [0x00000000d6f80000,0x00000000d6f80000,0x00000000deb80000)
  from space 5120K, 87% used [0x00000000deb80000,0x00000000defe5dc0,0x00000000df080000)
  to   space 6656K, 0% used [0x00000000e6e00000,0x00000000e6e00000,0x00000000e7480000)
 ParOldGen       total 84992K, used 50062K [0x0000000084e00000, 0x000000008a100000, 0x00000000d6f80000)
  object space 84992K, 58% used [0x0000000084e00000,0x0000000087ee3850,0x000000008a100000)
 Metaspace       used 20039K, capacity 20364K, committed 20480K, reserved 1067008K
  class space    used 2468K, capacity 2554K, committed 2560K, reserved 1048576K
}
Event: 42048.057 GC heap before
{Heap before GC invocations=6 (full 0):
 PSYoungGen      total 132096K, used 131479K [0x00000000d6f80000, 0x00000000e7480000, 0x0000000100000000)
  eden space 126976K, 100% used [0x00000000d6f80000,0x00000000deb80000,0x00000000deb80000)
  from space 5120K, 87% used [0x00000000deb80000,0x00000000defe5dc0,0x00000000df080000)
  to   space 6656K, 0% used [0x00000000e6e00000,0x00000000e6e00000,0x00000000e7480000)
 ParOldGen       total 84992K, used 50062K [0x0000000084e00000, 0x000000008a100000, 0x00000000d6f80000)
  object space 84992K, 58% used [0x0000000084e00000,0x0000000087ee3850,0x000000008a100000)
 Metaspace       used 20039K, capacity 20364K, committed 20480K, reserved 1067008K
  class space    used 2468K, capacity 2554K, committed 2560K, reserved 1048576K
Event: 42048.151 GC heap after
Heap after GC invocations=6 (full 0):
 PSYoungGen      total 260608K, used 4412K [0x00000000d6f80000, 0x00000000e7480000, 0x0000000100000000)
  eden space 253952K, 0% used [0x00000000d6f80000,0x00000000d6f80000,0x00000000e6780000)
  from space 6656K, 66% used [0x00000000e6e00000,0x00000000e724f1f8,0x00000000e7480000)
  to   space 6656K, 0% used [0x00000000e6780000,0x00000000e6780000,0x00000000e6e00000)
 ParOldGen       total 84992K, used 50062K [0x0000000084e00000, 0x000000008a100000, 0x00000000d6f80000)
  object space 84992K, 58% used [0x0000000084e00000,0x0000000087ee3850,0x000000008a100000)
 Metaspace       used 20039K, capacity 20364K, committed 20480K, reserved 1067008K
  class space    used 2468K, capacity 2554K, committed 2560K, reserved 1048576K
}

