# JRE version: Java(TM) SE Runtime Environment (8.0_161-b12) (build 1.8.0_161-b12)
# Java VM: Java HotSpot(TM) 64-Bit Server VM (25.161-b12 mixed mode linux-amd64 compressed oops)
Heap:
 PSYoungGen      total 117248K, used 8237K [0x00000000d6f80000, 0x00000000e6880000, 0x0000000100000000)
  eden space 109056K, 7% used [0x00000000d6f80000,0x00000000d77734d0,0x00000000dda00000)
  from space 8192K, 1% used [0x00000000e5880000,0x00000000e5898000,0x00000000e6080000)
  to   space 8192K, 0% used [0x00000000e6080000,0x00000000e6080000,0x00000000e6880000)
 ParOldGen       total 84992K, used 39217K [0x0000000084e00000, 0x000000008a100000, 0x00000000d6f80000)
  object space 84992K, 46% used [0x0000000084e00000,0x000000008744c730,0x000000008a100000)
 Metaspace       used 20707K, capacity 20980K, committed 21296K, reserved 1069056K
  class space    used 2501K, capacity 2589K, committed 2688K, reserved 1048576K
GC Heap History (10 events):
Event: 17054.350 GC heap before
{Heap before GC invocations=5 (full 0):
 PSYoungGen      total 132096K, used 132090K [0x00000000d6f80000, 0x00000000df580000, 0x0000000100000000)
  eden space 126976K, 100% used [0x00000000d6f80000,0x00000000deb80000,0x00000000deb80000)
  from space 5120K, 99% used [0x00000000df080000,0x00000000df57e9e8,0x00000000df580000)
  to   space 5120K, 0% used [0x00000000deb80000,0x00000000deb80000,0x00000000df080000)
 ParOldGen       total 84992K, used 35133K [0x0000000084e00000, 0x000000008a100000, 0x00000000d6f80000)
  object space 84992K, 41% used [0x0000000084e00000,0x000000008704f768,0x000000008a100000)
 Metaspace       used 20702K, capacity 20980K, committed 21296K, reserved 1069056K
  class space    used 2501K, capacity 2589K, committed 2688K, reserved 1048576K
Event: 17058.512 GC heap after
Heap after GC invocations=5 (full 0):
 PSYoungGen      total 132096K, used 4185K [0x00000000d6f80000, 0x00000000e7680000, 0x0000000100000000)
  eden space 126976K, 0% used [0x00000000d6f80000,0x00000000d6f80000,0x00000000deb80000)
  from space 5120K, 81% used [0x00000000deb80000,0x00000000def965d0,0x00000000df080000)
  to   space 7680K, 0% used [0x00000000e6f00000,0x00000000e6f00000,0x00000000e7680000)
 ParOldGen       total 84992K, used 35141K [0x0000000084e00000, 0x000000008a100000, 0x00000000d6f80000)
  object space 84992K, 41% used [0x0000000084e00000,0x0000000087051768,0x000000008a100000)
 Metaspace       used 20702K, capacity 20980K, committed 21296K, reserved 1069056K
  class space    used 2501K, capacity 2589K, committed 2688K, reserved 1048576K
}
Event: 29920.448 GC heap before
{Heap before GC invocations=6 (full 0):
 PSYoungGen      total 132096K, used 131161K [0x00000000d6f80000, 0x00000000e7680000, 0x0000000100000000)
  eden space 126976K, 100% used [0x00000000d6f80000,0x00000000deb80000,0x00000000deb80000)
  from space 5120K, 81% used [0x00000000deb80000,0x00000000def965d0,0x00000000df080000)
  to   space 7680K, 0% used [0x00000000e6f00000,0x00000000e6f00000,0x00000000e7680000)
 ParOldGen       total 84992K, used 35141K [0x0000000084e00000, 0x000000008a100000, 0x00000000d6f80000)
  object space 84992K, 41% used [0x0000000084e00000,0x0000000087051768,0x000000008a100000)
 Metaspace       used 20707K, capacity 20980K, committed 21296K, reserved 1069056K
  class space    used 2501K, capacity 2589K, committed 2688K, reserved 1048576K
Event: 29920.518 GC heap after
Heap after GC invocations=6 (full 0):
 PSYoungGen      total 126464K, used 4076K [0x00000000d6f80000, 0x00000000e7300000, 0x0000000100000000)
  eden space 122368K, 0% used [0x00000000d6f80000,0x00000000d6f80000,0x00000000de700000)
  from space 4096K, 99% used [0x00000000e6f00000,0x00000000e72fb208,0x00000000e7300000)
  to   space 7168K, 0% used [0x00000000e6500000,0x00000000e6500000,0x00000000e6c00000)
 ParOldGen       total 84992K, used 35149K [0x0000000084e00000, 0x000000008a100000, 0x00000000d6f80000)
  object space 84992K, 41% used [0x0000000084e00000,0x0000000087053768,0x000000008a100000)
 Metaspace       used 20707K, capacity 20980K, committed 21296K, reserved 1069056K
  class space    used 2501K, capacity 2589K, committed 2688K, reserved 1048576K
}
Event: 42223.820 GC heap before
{Heap before GC invocations=7 (full 0):
 PSYoungGen      total 126464K, used 126444K [0x00000000d6f80000, 0x00000000e7300000, 0x0000000100000000)
  eden space 122368K, 100% used [0x00000000d6f80000,0x00000000de700000,0x00000000de700000)
  from space 4096K, 99% used [0x00000000e6f00000,0x00000000e72fb208,0x00000000e7300000)
  to   space 7168K, 0% used [0x00000000e6500000,0x00000000e6500000,0x00000000e6c00000)
 ParOldGen       total 84992K, used 35149K [0x0000000084e00000, 0x000000008a100000, 0x00000000d6f80000)
  object space 84992K, 41% used [0x0000000084e00000,0x0000000087053768,0x000000008a100000)
 Metaspace       used 20707K, capacity 20980K, committed 21296K, reserved 1069056K
  class space    used 2501K, capacity 2589K, committed 2688K, reserved 1048576K
Event: 42223.851 GC heap after
Heap after GC invocations=7 (full 0):
 PSYoungGen      total 119808K, used 2010K [0x00000000d6f80000, 0x00000000e6f80000, 0x0000000100000000)
  eden space 117760K, 0% used [0x00000000d6f80000,0x00000000d6f80000,0x00000000de280000)
  from space 2048K, 98% used [0x00000000e6500000,0x00000000e66f6970,0x00000000e6700000)
  to   space 7680K, 0% used [0x00000000e6800000,0x00000000e6800000,0x00000000e6f80000)
 ParOldGen       total 84992K, used 37257K [0x0000000084e00000, 0x000000008a100000, 0x00000000d6f80000)
  object space 84992K, 43% used [0x0000000084e00000,0x0000000087262428,0x000000008a100000)
 Metaspace       used 20707K, capacity 20980K, committed 21296K, reserved 1069056K
  class space    used 2501K, capacity 2589K, committed 2688K, reserved 1048576K
}
Event: 54323.082 GC heap before
{Heap before GC invocations=8 (full 0):
 PSYoungGen      total 119808K, used 119770K [0x00000000d6f80000, 0x00000000e6f80000, 0x0000000100000000)
  eden space 117760K, 100% used [0x00000000d6f80000,0x00000000de280000,0x00000000de280000)
  from space 2048K, 98% used [0x00000000e6500000,0x00000000e66f6970,0x00000000e6700000)
  to   space 7680K, 0% used [0x00000000e6800000,0x00000000e6800000,0x00000000e6f80000)
 ParOldGen       total 84992K, used 37257K [0x0000000084e00000, 0x000000008a100000, 0x00000000d6f80000)
  object space 84992K, 43% used [0x0000000084e00000,0x0000000087262428,0x000000008a100000)
 Metaspace       used 20707K, capacity 20980K, committed 21296K, reserved 1069056K
  class space    used 2501K, capacity 2589K, committed 2688K, reserved 1048576K
Event: 54323.099 GC heap after
Heap after GC invocations=8 (full 0):
 PSYoungGen      total 113664K, used 64K [0x00000000d6f80000, 0x00000000e6880000, 0x0000000100000000)
  eden space 113152K, 0% used [0x00000000d6f80000,0x00000000d6f80000,0x00000000dde00000)
  from space 512K, 12% used [0x00000000e6800000,0x00000000e6810000,0x00000000e6880000)
  to   space 8192K, 0% used [0x00000000e5880000,0x00000000e5880000,0x00000000e6080000)
 ParOldGen       total 84992K, used 39209K [0x0000000084e00000, 0x000000008a100000, 0x00000000d6f80000)
  object space 84992K, 46% used [0x0000000084e00000,0x000000008744a730,0x000000008a100000)
 Metaspace       used 20707K, capacity 20980K, committed 21296K, reserved 1069056K
  class space    used 2501K, capacity 2589K, committed 2688K, reserved 1048576K
}
Event: 65949.334 GC heap before
{Heap before GC invocations=9 (full 0):
 PSYoungGen      total 113664K, used 113216K [0x00000000d6f80000, 0x00000000e6880000, 0x0000000100000000)
  eden space 113152K, 100% used [0x00000000d6f80000,0x00000000dde00000,0x00000000dde00000)
  from space 512K, 12% used [0x00000000e6800000,0x00000000e6810000,0x00000000e6880000)
  to   space 8192K, 0% used [0x00000000e5880000,0x00000000e5880000,0x00000000e6080000)
 ParOldGen       total 84992K, used 39209K [0x0000000084e00000, 0x000000008a100000, 0x00000000d6f80000)
  object space 84992K, 46% used [0x0000000084e00000,0x000000008744a730,0x000000008a100000)
 Metaspace       used 20707K, capacity 20980K, committed 21296K, reserved 1069056K
  class space    used 2501K, capacity 2589K, committed 2688K, reserved 1048576K
Event: 65949.348 GC heap after
Heap after GC invocations=9 (full 0):
 PSYoungGen      total 117248K, used 96K [0x00000000d6f80000, 0x00000000e6880000, 0x0000000100000000)
  eden space 109056K, 0% used [0x00000000d6f80000,0x00000000d6f80000,0x00000000dda00000)
  from space 8192K, 1% used [0x00000000e5880000,0x00000000e5898000,0x00000000e6080000)
  to   space 8192K, 0% used [0x00000000e6080000,0x00000000e6080000,0x00000000e6880000)
 ParOldGen       total 84992K, used 39217K [0x0000000084e00000, 0x000000008a100000, 0x00000000d6f80000)
  object space 84992K, 46% used [0x0000000084e00000,0x000000008744c730,0x000000008a100000)
 Metaspace       used 20707K, capacity 20980K, committed 21296K, reserved 1069056K
  class space    used 2501K, capacity 2589K, committed 2688K, reserved 1048576K
}

