# JRE version: Java(TM) SE Runtime Environment (8.0_161-b12) (build 1.8.0_161-b12)
# Java VM: Java HotSpot(TM) 64-Bit Server VM (25.161-b12 mixed mode linux-amd64 compressed oops)
Heap:
 PSYoungGen      total 58368K, used 26949K [0x00000000d6f80000, 0x00000000dde00000, 0x0000000100000000)
  eden space 50688K, 53% used [0x00000000d6f80000,0x00000000d89c1528,0x00000000da100000)
  from space 7680K, 0% used [0x00000000dcf00000,0x00000000dcf10000,0x00000000dd680000)
  to   space 7680K, 0% used [0x00000000dd680000,0x00000000dd680000,0x00000000dde00000)
 ParOldGen       total 84992K, used 53839K [0x0000000084e00000, 0x000000008a100000, 0x00000000d6f80000)
  object space 84992K, 63% used [0x0000000084e00000,0x0000000088293f90,0x000000008a100000)
 Metaspace       used 20189K, capacity 20488K, committed 20736K, reserved 1067008K
  class space    used 2460K, capacity 2554K, committed 2560K, reserved 1048576K
GC Heap History (10 events):
Event: 35936.515 GC heap before
{Heap before GC invocations=9 (full 0):
 PSYoungGen      total 58880K, used 58464K [0x00000000d6f80000, 0x00000000dec80000, 0x0000000100000000)
  eden space 58368K, 100% used [0x00000000d6f80000,0x00000000da880000,0x00000000da880000)
  from space 512K, 18% used [0x00000000dec00000,0x00000000dec18000,0x00000000dec80000)
  to   space 7680K, 0% used [0x00000000ddd80000,0x00000000ddd80000,0x00000000de500000)
 ParOldGen       total 84992K, used 53807K [0x0000000084e00000, 0x000000008a100000, 0x00000000d6f80000)
  object space 84992K, 63% used [0x0000000084e00000,0x000000008828bf90,0x000000008a100000)
 Metaspace       used 20188K, capacity 20488K, committed 20736K, reserved 1067008K
  class space    used 2460K, capacity 2554K, committed 2560K, reserved 1048576K
Event: 35936.516 GC heap after
Heap after GC invocations=9 (full 0):
 PSYoungGen      total 64512K, used 96K [0x00000000d6f80000, 0x00000000dec80000, 0x0000000100000000)
  eden space 56832K, 0% used [0x00000000d6f80000,0x00000000d6f80000,0x00000000da700000)
  from space 7680K, 1% used [0x00000000ddd80000,0x00000000ddd98000,0x00000000de500000)
  to   space 7680K, 0% used [0x00000000de500000,0x00000000de500000,0x00000000dec80000)
 ParOldGen       total 84992K, used 53823K [0x0000000084e00000, 0x000000008a100000, 0x00000000d6f80000)
  object space 84992K, 63% used [0x0000000084e00000,0x000000008828ff90,0x000000008a100000)
 Metaspace       used 20188K, capacity 20488K, committed 20736K, reserved 1067008K
  class space    used 2460K, capacity 2554K, committed 2560K, reserved 1048576K
}
Event: 42425.156 GC heap before
{Heap before GC invocations=10 (full 0):
 PSYoungGen      total 64512K, used 56928K [0x00000000d6f80000, 0x00000000dec80000, 0x0000000100000000)
  eden space 56832K, 100% used [0x00000000d6f80000,0x00000000da700000,0x00000000da700000)
  from space 7680K, 1% used [0x00000000ddd80000,0x00000000ddd98000,0x00000000de500000)
  to   space 7680K, 0% used [0x00000000de500000,0x00000000de500000,0x00000000dec80000)
 ParOldGen       total 84992K, used 53823K [0x0000000084e00000, 0x000000008a100000, 0x00000000d6f80000)
  object space 84992K, 63% used [0x0000000084e00000,0x000000008828ff90,0x000000008a100000)
 Metaspace       used 20188K, capacity 20488K, committed 20736K, reserved 1067008K
  class space    used 2460K, capacity 2554K, committed 2560K, reserved 1048576K
Event: 42425.160 GC heap after
Heap after GC invocations=10 (full 0):
 PSYoungGen      total 55808K, used 64K [0x00000000d6f80000, 0x00000000de580000, 0x0000000100000000)
  eden space 55296K, 0% used [0x00000000d6f80000,0x00000000d6f80000,0x00000000da580000)
  from space 512K, 12% used [0x00000000de500000,0x00000000de510000,0x00000000de580000)
  to   space 7680K, 0% used [0x00000000dd680000,0x00000000dd680000,0x00000000dde00000)
 ParOldGen       total 84992K, used 53831K [0x0000000084e00000, 0x000000008a100000, 0x00000000d6f80000)
  object space 84992K, 63% used [0x0000000084e00000,0x0000000088291f90,0x000000008a100000)
 Metaspace       used 20188K, capacity 20488K, committed 20736K, reserved 1067008K
  class space    used 2460K, capacity 2554K, committed 2560K, reserved 1048576K
}
Event: 48611.235 GC heap before
{Heap before GC invocations=11 (full 0):
 PSYoungGen      total 55808K, used 55360K [0x00000000d6f80000, 0x00000000de580000, 0x0000000100000000)
  eden space 55296K, 100% used [0x00000000d6f80000,0x00000000da580000,0x00000000da580000)
  from space 512K, 12% used [0x00000000de500000,0x00000000de510000,0x00000000de580000)
  to   space 7680K, 0% used [0x00000000dd680000,0x00000000dd680000,0x00000000dde00000)
 ParOldGen       total 84992K, used 53831K [0x0000000084e00000, 0x000000008a100000, 0x00000000d6f80000)
  object space 84992K, 63% used [0x0000000084e00000,0x0000000088291f90,0x000000008a100000)
 Metaspace       used 20188K, capacity 20488K, committed 20736K, reserved 1067008K
  class space    used 2460K, capacity 2554K, committed 2560K, reserved 1048576K
Event: 48611.238 GC heap after
Heap after GC invocations=11 (full 0):
 PSYoungGen      total 54272K, used 64K [0x00000000d6f80000, 0x00000000de580000, 0x0000000100000000)
  eden space 53760K, 0% used [0x00000000d6f80000,0x00000000d6f80000,0x00000000da400000)
  from space 512K, 12% used [0x00000000dd680000,0x00000000dd690000,0x00000000dd700000)
  to   space 8192K, 0% used [0x00000000ddd80000,0x00000000ddd80000,0x00000000de580000)
 ParOldGen       total 84992K, used 53831K [0x0000000084e00000, 0x000000008a100000, 0x00000000d6f80000)
  object space 84992K, 63% used [0x0000000084e00000,0x0000000088291f90,0x000000008a100000)
 Metaspace       used 20188K, capacity 20488K, committed 20736K, reserved 1067008K
  class space    used 2460K, capacity 2554K, committed 2560K, reserved 1048576K
}
Event: 54748.193 GC heap before
{Heap before GC invocations=12 (full 0):
 PSYoungGen      total 54272K, used 53824K [0x00000000d6f80000, 0x00000000de580000, 0x0000000100000000)
  eden space 53760K, 100% used [0x00000000d6f80000,0x00000000da400000,0x00000000da400000)
  from space 512K, 12% used [0x00000000dd680000,0x00000000dd690000,0x00000000dd700000)
  to   space 8192K, 0% used [0x00000000ddd80000,0x00000000ddd80000,0x00000000de580000)
 ParOldGen       total 84992K, used 53831K [0x0000000084e00000, 0x000000008a100000, 0x00000000d6f80000)
  object space 84992K, 63% used [0x0000000084e00000,0x0000000088291f90,0x000000008a100000)
 Metaspace       used 20188K, capacity 20488K, committed 20736K, reserved 1067008K
  class space    used 2460K, capacity 2554K, committed 2560K, reserved 1048576K
Event: 54748.203 GC heap after
Heap after GC invocations=12 (full 0):
 PSYoungGen      total 52736K, used 64K [0x00000000d6f80000, 0x00000000dde00000, 0x0000000100000000)
  eden space 52224K, 0% used [0x00000000d6f80000,0x00000000d6f80000,0x00000000da280000)
  from space 512K, 12% used [0x00000000ddd80000,0x00000000ddd90000,0x00000000dde00000)
  to   space 7680K, 0% used [0x00000000dcf00000,0x00000000dcf00000,0x00000000dd680000)
 ParOldGen       total 84992K, used 53839K [0x0000000084e00000, 0x000000008a100000, 0x00000000d6f80000)
  object space 84992K, 63% used [0x0000000084e00000,0x0000000088293f90,0x000000008a100000)
 Metaspace       used 20188K, capacity 20488K, committed 20736K, reserved 1067008K
  class space    used 2460K, capacity 2554K, committed 2560K, reserved 1048576K
}
Event: 60709.488 GC heap before
{Heap before GC invocations=13 (full 0):
 PSYoungGen      total 52736K, used 52288K [0x00000000d6f80000, 0x00000000dde00000, 0x0000000100000000)
  eden space 52224K, 100% used [0x00000000d6f80000,0x00000000da280000,0x00000000da280000)
  from space 512K, 12% used [0x00000000ddd80000,0x00000000ddd90000,0x00000000dde00000)
  to   space 7680K, 0% used [0x00000000dcf00000,0x00000000dcf00000,0x00000000dd680000)
 ParOldGen       total 84992K, used 53839K [0x0000000084e00000, 0x000000008a100000, 0x00000000d6f80000)
  object space 84992K, 63% used [0x0000000084e00000,0x0000000088293f90,0x000000008a100000)
 Metaspace       used 20188K, capacity 20488K, committed 20736K, reserved 1067008K
  class space    used 2460K, capacity 2554K, committed 2560K, reserved 1048576K
Event: 60709.617 GC heap after
Heap after GC invocations=13 (full 0):
 PSYoungGen      total 58368K, used 64K [0x00000000d6f80000, 0x00000000dde00000, 0x0000000100000000)
  eden space 50688K, 0% used [0x00000000d6f80000,0x00000000d6f80000,0x00000000da100000)
  from space 7680K, 0% used [0x00000000dcf00000,0x00000000dcf10000,0x00000000dd680000)
  to   space 7680K, 0% used [0x00000000dd680000,0x00000000dd680000,0x00000000dde00000)
 ParOldGen       total 84992K, used 53839K [0x0000000084e00000, 0x000000008a100000, 0x00000000d6f80000)
  object space 84992K, 63% used [0x0000000084e00000,0x0000000088293f90,0x000000008a100000)
 Metaspace       used 20188K, capacity 20488K, committed 20736K, reserved 1067008K
  class space    used 2460K, capacity 2554K, committed 2560K, reserved 1048576K
}

