# JRE version: Java(TM) SE Runtime Environment (8.0_161-b12) (build 1.8.0_161-b12)
# Java VM: Java HotSpot(TM) 64-Bit Server VM (25.161-b12 mixed mode linux-amd64 compressed oops)
Heap:
 PSYoungGen      total 126976K, used 94578K [0x00000000d6f80000, 0x00000000e7300000, 0x0000000100000000)
  eden space 122368K, 73% used [0x00000000d6f80000,0x00000000dc7b17f8,0x00000000de700000)
  from space 4608K, 92% used [0x00000000e6e80000,0x00000000e72ab208,0x00000000e7300000)
  to   space 6656K, 0% used [0x00000000e6600000,0x00000000e6600000,0x00000000e6c80000)
 ParOldGen       total 84992K, used 34510K [0x0000000084e00000, 0x000000008a100000, 0x00000000d6f80000)
  object space 84992K, 40% used [0x0000000084e00000,0x0000000086fb3878,0x000000008a100000)
 Metaspace       used 20557K, capacity 20864K, committed 21120K, reserved 1067008K
  class space    used 2497K, capacity 2589K, committed 2688K, reserved 1048576K
GC Heap History (10 events):
Event: 1.079 GC heap before
{Heap before GC invocations=2 (full 0):
 PSYoungGen      total 36864K, used 34496K [0x00000000d6f80000, 0x00000000db780000, 0x0000000100000000)
  eden space 31744K, 95% used [0x00000000d6f80000,0x00000000d8d2bb28,0x00000000d8e80000)
  from space 5120K, 80% used [0x00000000d8e80000,0x00000000d9284780,0x00000000d9380000)
  to   space 5120K, 0% used [0x00000000db280000,0x00000000db280000,0x00000000db780000)
 ParOldGen       total 84992K, used 24316K [0x0000000084e00000, 0x000000008a100000, 0x00000000d6f80000)
  object space 84992K, 28% used [0x0000000084e00000,0x00000000865bf030,0x000000008a100000)
 Metaspace       used 13089K, capacity 13286K, committed 13568K, reserved 1060864K
  class space    used 1626K, capacity 1700K, committed 1792K, reserved 1048576K
Event: 1.086 GC heap after
Heap after GC invocations=2 (full 0):
 PSYoungGen      total 68608K, used 2930K [0x00000000d6f80000, 0x00000000db780000, 0x0000000100000000)
  eden space 63488K, 0% used [0x00000000d6f80000,0x00000000d6f80000,0x00000000dad80000)
  from space 5120K, 57% used [0x00000000db280000,0x00000000db55cb60,0x00000000db780000)
  to   space 5120K, 0% used [0x00000000dad80000,0x00000000dad80000,0x00000000db280000)
 ParOldGen       total 84992K, used 32424K [0x0000000084e00000, 0x000000008a100000, 0x00000000d6f80000)
  object space 84992K, 38% used [0x0000000084e00000,0x0000000086daa040,0x000000008a100000)
 Metaspace       used 13089K, capacity 13286K, committed 13568K, reserved 1060864K
  class space    used 1626K, capacity 1700K, committed 1792K, reserved 1048576K
}
Event: 40.592 GC heap before
{Heap before GC invocations=3 (full 0):
 PSYoungGen      total 68608K, used 66418K [0x00000000d6f80000, 0x00000000db780000, 0x0000000100000000)
  eden space 63488K, 100% used [0x00000000d6f80000,0x00000000dad80000,0x00000000dad80000)
  from space 5120K, 57% used [0x00000000db280000,0x00000000db55cb60,0x00000000db780000)
  to   space 5120K, 0% used [0x00000000dad80000,0x00000000dad80000,0x00000000db280000)
 ParOldGen       total 84992K, used 32424K [0x0000000084e00000, 0x000000008a100000, 0x00000000d6f80000)
  object space 84992K, 38% used [0x0000000084e00000,0x0000000086daa040,0x000000008a100000)
 Metaspace       used 20461K, capacity 20800K, committed 21120K, reserved 1067008K
  class space    used 2494K, capacity 2589K, committed 2688K, reserved 1048576K
Event: 40.600 GC heap after
Heap after GC invocations=3 (full 0):
 PSYoungGen      total 68608K, used 5115K [0x00000000d6f80000, 0x00000000df580000, 0x0000000100000000)
  eden space 63488K, 0% used [0x00000000d6f80000,0x00000000d6f80000,0x00000000dad80000)
  from space 5120K, 99% used [0x00000000dad80000,0x00000000db27ee98,0x00000000db280000)
  to   space 5120K, 0% used [0x00000000df080000,0x00000000df080000,0x00000000df580000)
 ParOldGen       total 84992K, used 34494K [0x0000000084e00000, 0x000000008a100000, 0x00000000d6f80000)
  object space 84992K, 40% used [0x0000000084e00000,0x0000000086faf878,0x000000008a100000)
 Metaspace       used 20461K, capacity 20800K, committed 21120K, reserved 1067008K
  class space    used 2494K, capacity 2589K, committed 2688K, reserved 1048576K
}
Event: 7188.091 GC heap before
{Heap before GC invocations=4 (full 0):
 PSYoungGen      total 68608K, used 68603K [0x00000000d6f80000, 0x00000000df580000, 0x0000000100000000)
  eden space 63488K, 100% used [0x00000000d6f80000,0x00000000dad80000,0x00000000dad80000)
  from space 5120K, 99% used [0x00000000dad80000,0x00000000db27ee98,0x00000000db280000)
  to   space 5120K, 0% used [0x00000000df080000,0x00000000df080000,0x00000000df580000)
 ParOldGen       total 84992K, used 34494K [0x0000000084e00000, 0x000000008a100000, 0x00000000d6f80000)
  object space 84992K, 40% used [0x0000000084e00000,0x0000000086faf878,0x000000008a100000)
 Metaspace       used 20550K, capacity 20864K, committed 21120K, reserved 1067008K
  class space    used 2496K, capacity 2589K, committed 2688K, reserved 1048576K
Event: 7188.097 GC heap after
Heap after GC invocations=4 (full 0):
 PSYoungGen      total 132096K, used 4954K [0x00000000d6f80000, 0x00000000df580000, 0x0000000100000000)
  eden space 126976K, 0% used [0x00000000d6f80000,0x00000000d6f80000,0x00000000deb80000)
  from space 5120K, 96% used [0x00000000df080000,0x00000000df5569c8,0x00000000df580000)
  to   space 5120K, 0% used [0x00000000deb80000,0x00000000deb80000,0x00000000df080000)
 ParOldGen       total 84992K, used 34502K [0x0000000084e00000, 0x000000008a100000, 0x00000000d6f80000)
  object space 84992K, 40% used [0x0000000084e00000,0x0000000086fb1878,0x000000008a100000)
 Metaspace       used 20550K, capacity 20864K, committed 21120K, reserved 1067008K
  class space    used 2496K, capacity 2589K, committed 2688K, reserved 1048576K
}
Event: 23317.109 GC heap before
{Heap before GC invocations=5 (full 0):
 PSYoungGen      total 132096K, used 131930K [0x00000000d6f80000, 0x00000000df580000, 0x0000000100000000)
  eden space 126976K, 100% used [0x00000000d6f80000,0x00000000deb80000,0x00000000deb80000)
  from space 5120K, 96% used [0x00000000df080000,0x00000000df5569c8,0x00000000df580000)
  to   space 5120K, 0% used [0x00000000deb80000,0x00000000deb80000,0x00000000df080000)
 ParOldGen       total 84992K, used 34502K [0x0000000084e00000, 0x000000008a100000, 0x00000000d6f80000)
  object space 84992K, 40% used [0x0000000084e00000,0x0000000086fb1878,0x000000008a100000)
 Metaspace       used 20555K, capacity 20864K, committed 21120K, reserved 1067008K
  class space    used 2496K, capacity 2589K, committed 2688K, reserved 1048576K
Event: 23317.175 GC heap after
Heap after GC invocations=5 (full 0):
 PSYoungGen      total 132096K, used 4314K [0x00000000d6f80000, 0x00000000e7580000, 0x0000000100000000)
  eden space 126976K, 0% used [0x00000000d6f80000,0x00000000d6f80000,0x00000000deb80000)
  from space 5120K, 84% used [0x00000000deb80000,0x00000000defb69e8,0x00000000df080000)
  to   space 7168K, 0% used [0x00000000e6e80000,0x00000000e6e80000,0x00000000e7580000)
 ParOldGen       total 84992K, used 34510K [0x0000000084e00000, 0x000000008a100000, 0x00000000d6f80000)
  object space 84992K, 40% used [0x0000000084e00000,0x0000000086fb3878,0x000000008a100000)
 Metaspace       used 20555K, capacity 20864K, committed 21120K, reserved 1067008K
  class space    used 2496K, capacity 2589K, committed 2688K, reserved 1048576K
}
Event: 39559.926 GC heap before
{Heap before GC invocations=6 (full 0):
 PSYoungGen      total 132096K, used 131290K [0x00000000d6f80000, 0x00000000e7580000, 0x0000000100000000)
  eden space 126976K, 100% used [0x00000000d6f80000,0x00000000deb80000,0x00000000deb80000)
  from space 5120K, 84% used [0x00000000deb80000,0x00000000defb69e8,0x00000000df080000)
  to   space 7168K, 0% used [0x00000000e6e80000,0x00000000e6e80000,0x00000000e7580000)
 ParOldGen       total 84992K, used 34510K [0x0000000084e00000, 0x000000008a100000, 0x00000000d6f80000)
  object space 84992K, 40% used [0x0000000084e00000,0x0000000086fb3878,0x000000008a100000)
 Metaspace       used 20555K, capacity 20864K, committed 21120K, reserved 1067008K
  class space    used 2496K, capacity 2589K, committed 2688K, reserved 1048576K
Event: 39562.182 GC heap after
Heap after GC invocations=6 (full 0):
 PSYoungGen      total 126976K, used 4268K [0x00000000d6f80000, 0x00000000e7300000, 0x0000000100000000)
  eden space 122368K, 0% used [0x00000000d6f80000,0x00000000d6f80000,0x00000000de700000)
  from space 4608K, 92% used [0x00000000e6e80000,0x00000000e72ab208,0x00000000e7300000)
  to   space 6656K, 0% used [0x00000000e6600000,0x00000000e6600000,0x00000000e6c80000)
 ParOldGen       total 84992K, used 34510K [0x0000000084e00000, 0x000000008a100000, 0x00000000d6f80000)
  object space 84992K, 40% used [0x0000000084e00000,0x0000000086fb3878,0x000000008a100000)
 Metaspace       used 20555K, capacity 20864K, committed 21120K, reserved 1067008K
  class space    used 2496K, capacity 2589K, committed 2688K, reserved 1048576K
}

